{"meta": {"format": 3, "version": "7.13.4", "timestamp": "2026-02-10T12:10:45.205560", "branch_coverage": true, "show_contexts": false}, "files": {"src/rlcoach/__init__.py": {"executed_lines": [3, 4, 6, 7, 8, 10], "summary": {"covered_lines": 6, "num_statements": 6, "percent_covered": 100.0, "percent_covered_display": "100", "missing_lines": 0, "excluded_lines": 0, "percent_statements_covered": 100.0, "percent_statements_covered_display": "100", "num_branches": 0, "num_partial_branches": 0, "covered_branches": 0, "missing_branches": 0, "percent_branches_covered": 100.0, "percent_branches_covered_display": "100"}, "missing_lines": [], "excluded_lines": [], "executed_branches": [], "missing_branches": [], "functions": {"": {"executed_lines": [3, 4, 6, 7, 8, 10], "summary": {"covered_lines": 6, "num_statements": 6, "percent_covered": 100.0, "percent_covered_display": "100", "missing_lines": 0, "excluded_lines": 0, "percent_statements_covered": 100.0, "percent_statements_covered_display": "100", "num_branches": 0, "num_partial_branches": 0, "covered_branches": 0, "missing_branches": 0, "percent_branches_covered": 100.0, "percent_branches_covered_display": "100"}, "missing_lines": [], "excluded_lines": [], "start_line": 1, "executed_branches": [], "missing_branches": []}}, "classes": {"": {"executed_lines": [3, 4, 6, 7, 8, 10], "summary": {"covered_lines": 6, "num_statements": 6, "percent_covered": 100.0, "percent_covered_display": "100", "missing_lines": 0, "excluded_lines": 0, "percent_statements_covered": 100.0, "percent_statements_covered_display": "100", "num_branches": 0, "num_partial_branches": 0, "covered_branches": 0, "missing_branches": 0, "percent_branches_covered": 100.0, "percent_branches_covered_display": "100"}, "missing_lines": [], "excluded_lines": [], "start_line": 1, "executed_branches": [], "missing_branches": []}}}, "src/rlcoach/__main__.py": {"executed_lines": [3, 5, 6], "summary": {"covered_lines": 3, "num_statements": 3, "percent_covered": 80.0, "percent_covered_display": "80", "missing_lines": 0, "excluded_lines": 0, "percent_statements_covered": 100.0, "percent_statements_covered_display": "100", "num_branches": 2, "num_partial_branches": 1, "covered_branches": 1, "missing_branches": 1, "percent_branches_covered": 50.0, "percent_branches_covered_display": "50"}, "missing_lines": [], "excluded_lines": [], "executed_branches": [[5, 6]], "missing_branches": [[5, -1]], "functions": {"": {"executed_lines": [3, 5, 6], "summary": {"covered_lines": 3, "num_statements": 3, "percent_covered": 80.0, "percent_covered_display": "80", "missing_lines": 0, "excluded_lines": 0, "percent_statements_covered": 100.0, "percent_statements_covered_display": "100", "num_branches": 2, "num_partial_branches": 1, "covered_branches": 1, "missing_branches": 1, "percent_branches_covered": 50.0, "percent_branches_covered_display": "50"}, "missing_lines": [], "excluded_lines": [], "start_line": 1, "executed_branches": [[5, 6]], "missing_branches": [[5, -1]]}}, "classes": {"": {"executed_lines": [3, 5, 6], "summary": {"covered_lines": 3, "num_statements": 3, "percent_covered": 80.0, "percent_covered_display": "80", "missing_lines": 0, "excluded_lines": 0, "percent_statements_covered": 100.0, "percent_statements_covered_display": "100", "num_branches": 2, "num_partial_branches": 1, "covered_branches": 1, "missing_branches": 1, "percent_branches_covered": 50.0, "percent_branches_covered_display": "50"}, "missing_lines": [], "excluded_lines": [], "start_line": 1, "executed_branches": [[5, 6]], "missing_branches": [[5, -1]]}}}, "src/rlcoach/analysis/__init__.py": {"executed_lines": [7, 9, 11, 12, 13, 14, 15, 16, 17, 18, 19, 20, 21, 22, 23, 24, 25, 28, 56, 59, 60, 61, 65, 69, 70, 71, 72, 73, 74, 77, 87, 88, 89, 90, 102, 103, 106, 109, 110, 112, 120, 131, 132, 133, 134, 137, 138, 139, 142, 144, 145, 148, 150, 152, 165, 172, 173, 174, 175, 176, 177, 180, 181, 182, 183, 184, 185, 187, 188, 189, 190, 191, 192, 193, 194, 195, 197, 207, 222, 225, 226, 227, 232, 235, 236, 237, 238, 242, 244, 259, 261, 273, 276, 284, 286, 296, 298, 311, 327, 329, 349, 355, 357, 358, 359, 360, 361, 363], "summary": {"covered_lines": 108, "num_statements": 117, "percent_covered": 88.88888888888889, "percent_covered_display": "89", "missing_lines": 9, "excluded_lines": 1, "percent_statements_covered": 92.3076923076923, "percent_statements_covered_display": "92", "num_branches": 36, "num_partial_branches": 8, "covered_branches": 28, "missing_branches": 8, "percent_branches_covered": 77.77777777777777, "percent_branches_covered_display": "78"}, "missing_lines": [62, 143, 149, 243, 260, 274, 275, 285, 297], "excluded_lines": [31], "executed_branches": [[59, 60], [59, 61], [61, 65], [89, 90], [89, 106], [109, 110], [109, 112], [142, 144], [148, 150], [174, 175], [174, 180], [175, 174], [175, 176], [176, 175], [176, 177], [188, 189], [188, 197], [242, 244], [259, 261], [273, 276], [284, 286], [296, 298], [357, 358], [357, 363], [358, 357], [358, 359], [359, 358], [359, 360]], "missing_branches": [[61, 62], [142, 143], [148, 149], [242, 243], [259, 260], [273, 274], [284, 285], [296, 297]], "functions": {"aggregate_analysis": {"executed_lines": [56, 59, 60, 61, 65, 69, 70, 71, 72, 73, 74, 77, 87, 88, 89, 90, 102, 103, 106, 109, 110, 112], "summary": {"covered_lines": 22, "num_statements": 23, "percent_covered": 93.54838709677419, "percent_covered_display": "94", "missing_lines": 1, "excluded_lines": 1, "percent_statements_covered": 95.65217391304348, "percent_statements_covered_display": "96", "num_branches": 8, "num_partial_branches": 1, "covered_branches": 7, "missing_branches": 1, "percent_branches_covered": 87.5, "percent_branches_covered_display": "88"}, "missing_lines": [62], "excluded_lines": [31], "start_line": 28, "executed_branches": [[59, 60], [59, 61], [61, 65], [89, 90], [89, 106], [109, 110], [109, 112]], "missing_branches": [[61, 62]]}, "_analyze_team": {"executed_lines": [131, 132, 133, 134, 137, 138, 139, 142, 144, 145, 148, 150, 152], "summary": {"covered_lines": 13, "num_statements": 15, "percent_covered": 78.94736842105263, "percent_covered_display": "79", "missing_lines": 2, "excluded_lines": 0, "percent_statements_covered": 86.66666666666667, "percent_statements_covered_display": "87", "num_branches": 4, "num_partial_branches": 2, "covered_branches": 2, "missing_branches": 2, "percent_branches_covered": 50.0, "percent_branches_covered_display": "50"}, "missing_lines": [143, 149], "excluded_lines": [], "start_line": 120, "executed_branches": [[142, 144], [148, 150]], "missing_branches": [[142, 143], [148, 149]]}, "_aggregate_team_mechanics": {"executed_lines": [172, 173, 174, 175, 176, 177, 180, 181, 182, 183, 184, 185, 187, 188, 189, 190, 191, 192, 193, 194, 195, 197], "summary": {"covered_lines": 22, "num_statements": 22, "percent_covered": 100.0, "percent_covered_display": "100", "missing_lines": 0, "excluded_lines": 0, "percent_statements_covered": 100.0, "percent_statements_covered_display": "100", "num_branches": 8, "num_partial_branches": 0, "covered_branches": 8, "missing_branches": 0, "percent_branches_covered": 100.0, "percent_branches_covered_display": "100"}, "missing_lines": [], "excluded_lines": [], "start_line": 165, "executed_branches": [[174, 175], [174, 180], [175, 174], [175, 176], [176, 175], [176, 177], [188, 189], [188, 197]], "missing_branches": []}, "_analyze_player": {"executed_lines": [222, 225, 226, 227, 232, 235, 236, 237, 238, 242, 244, 259, 261, 273, 276, 284, 286, 296, 298, 311, 327, 329], "summary": {"covered_lines": 22, "num_statements": 28, "percent_covered": 71.05263157894737, "percent_covered_display": "71", "missing_lines": 6, "excluded_lines": 0, "percent_statements_covered": 78.57142857142857, "percent_statements_covered_display": "79", "num_branches": 10, "num_partial_branches": 5, "covered_branches": 5, "missing_branches": 5, "percent_branches_covered": 50.0, "percent_branches_covered_display": "50"}, "missing_lines": [243, 260, 274, 275, 285, 297], "excluded_lines": [], "start_line": 207, "executed_branches": [[242, 244], [259, 261], [273, 276], [284, 286], [296, 298]], "missing_branches": [[242, 243], [259, 260], [273, 274], [284, 285], [296, 297]]}, "_extract_players_from_frames": {"executed_lines": [355, 357, 358, 359, 360, 361, 363], "summary": {"covered_lines": 7, "num_statements": 7, "percent_covered": 100.0, "percent_covered_display": "100", "missing_lines": 0, "excluded_lines": 0, "percent_statements_covered": 100.0, "percent_statements_covered_display": "100", "num_branches": 6, "num_partial_branches": 0, "covered_branches": 6, "missing_branches": 0, "percent_branches_covered": 100.0, "percent_branches_covered_display": "100"}, "missing_lines": [], "excluded_lines": [], "start_line": 349, "executed_branches": [[357, 358], [357, 363], [358, 357], [358, 359], [359, 358], [359, 360]], "missing_branches": []}, "": {"executed_lines": [7, 9, 11, 12, 13, 14, 15, 16, 17, 18, 19, 20, 21, 22, 23, 24, 25, 28, 120, 165, 207, 349], "summary": {"covered_lines": 22, "num_statements": 22, "percent_covered": 100.0, "percent_covered_display": "100", "missing_lines": 0, "excluded_lines": 0, "percent_statements_covered": 100.0, "percent_statements_covered_display": "100", "num_branches": 0, "num_partial_branches": 0, "covered_branches": 0, "missing_branches": 0, "percent_branches_covered": 100.0, "percent_branches_covered_display": "100"}, "missing_lines": [], "excluded_lines": [], "start_line": 1, "executed_branches": [], "missing_branches": []}}, "classes": {"": {"executed_lines": [7, 9, 11, 12, 13, 14, 15, 16, 17, 18, 19, 20, 21, 22, 23, 24, 25, 28, 56, 59, 60, 61, 65, 69, 70, 71, 72, 73, 74, 77, 87, 88, 89, 90, 102, 103, 106, 109, 110, 112, 120, 131, 132, 133, 134, 137, 138, 139, 142, 144, 145, 148, 150, 152, 165, 172, 173, 174, 175, 176, 177, 180, 181, 182, 183, 184, 185, 187, 188, 189, 190, 191, 192, 193, 194, 195, 197, 207, 222, 225, 226, 227, 232, 235, 236, 237, 238, 242, 244, 259, 261, 273, 276, 284, 286, 296, 298, 311, 327, 329, 349, 355, 357, 358, 359, 360, 361, 363], "summary": {"covered_lines": 108, "num_statements": 117, "percent_covered": 88.88888888888889, "percent_covered_display": "89", "missing_lines": 9, "excluded_lines": 1, "percent_statements_covered": 92.3076923076923, "percent_statements_covered_display": "92", "num_branches": 36, "num_partial_branches": 8, "covered_branches": 28, "missing_branches": 8, "percent_branches_covered": 77.77777777777777, "percent_branches_covered_display": "78"}, "missing_lines": [62, 143, 149, 243, 260, 274, 275, 285, 297], "excluded_lines": [31], "start_line": 1, "executed_branches": [[59, 60], [59, 61], [61, 65], [89, 90], [89, 106], [109, 110], [109, 112], [142, 144], [148, 150], [174, 175], [174, 180], [175, 174], [175, 176], [176, 175], [176, 177], [188, 189], [188, 197], [242, 244], [259, 261], [273, 276], [284, 286], [296, 298], [357, 358], [357, 363], [358, 357], [358, 359], [359, 358], [359, 360]], "missing_branches": [[61, 62], [142, 143], [148, 149], [242, 243], [259, 260], [273, 274], [284, 285], [296, 297]]}}}, "src/rlcoach/analysis/ball_prediction.py": {"executed_lines": [9, 11, 12, 13, 15, 16, 19, 22, 23, 24, 25, 26, 29, 30, 33, 34, 35, 36, 39, 40, 43, 44, 45, 46, 47, 48, 49, 53, 54, 55, 56, 57, 60, 61, 62, 63, 65, 68, 88, 89, 90, 91, 92, 93, 99, 100, 101, 102, 104, 107, 109, 110, 111, 113, 114, 115, 116, 119, 122, 123, 124, 125, 126, 127, 130, 131, 132, 134, 136, 137, 138, 139, 142, 148, 152, 158, 159, 164, 170, 172, 180, 200, 201, 203, 204, 207, 208, 211, 214, 215, 216, 217, 220, 223, 224, 225, 227, 230, 248, 249, 250, 251, 254, 261, 262, 266, 267, 268, 275, 276, 279, 280, 290, 293, 308, 310, 311, 313, 314, 316, 318, 319, 322, 323, 324, 325, 326, 328, 332, 333, 334, 335, 336, 338, 339, 342, 349, 357, 364, 376, 378, 381, 391, 392, 393, 394, 396, 397, 399, 400, 402, 403, 404, 405, 407, 408, 409, 410, 411, 413, 423, 424, 426, 436, 446, 449, 450, 451, 457], "summary": {"covered_lines": 169, "num_statements": 195, "percent_covered": 81.04089219330855, "percent_covered_display": "81", "missing_lines": 26, "excluded_lines": 0, "percent_statements_covered": 86.66666666666667, "percent_statements_covered_display": "87", "num_branches": 74, "num_partial_branches": 15, "covered_branches": 49, "missing_branches": 25, "percent_branches_covered": 66.21621621621621, "percent_branches_covered_display": "66"}, "missing_lines": [143, 144, 145, 149, 150, 151, 153, 154, 155, 160, 161, 162, 163, 165, 166, 167, 168, 209, 281, 282, 283, 284, 285, 286, 288, 329], "excluded_lines": [], "executed_branches": [[99, 100], [99, 101], [101, 102], [101, 104], [113, 114], [113, 172], [123, 124], [134, 136], [136, 137], [136, 142], [142, 148], [148, 152], [152, 158], [159, 164], [164, 170], [207, 208], [207, 227], [208, 211], [223, 207], [223, 224], [267, 268], [275, 276], [279, 280], [310, 311], [310, 313], [316, 318], [316, 378], [318, 319], [318, 322], [323, 324], [324, 325], [328, 332], [333, 334], [333, 338], [334, 333], [334, 335], [338, 339], [338, 342], [392, 393], [392, 396], [393, 392], [393, 394], [399, 400], [399, 446], [402, 403], [402, 436], [407, 408], [407, 423], [410, 411]], "missing_branches": [[123, 130], [134, 170], [142, 143], [148, 149], [152, 153], [159, 160], [160, 161], [160, 170], [164, 165], [165, 166], [165, 170], [208, 209], [267, 279], [275, 279], [279, 281], [281, 282], [281, 283], [283, 284], [283, 285], [285, 286], [285, 288], [323, 328], [324, 323], [328, 329], [410, 413]], "functions": {"_predict_ball_position": {"executed_lines": [88, 89, 90, 91, 92, 93, 99, 100, 101, 102, 104, 107, 109, 110, 111, 113, 114, 115, 116, 119, 122, 123, 124, 125, 126, 127, 130, 131, 132, 134, 136, 137, 138, 139, 142, 148, 152, 158, 159, 164, 170, 172], "summary": {"covered_lines": 42, "num_statements": 59, "percent_covered": 67.05882352941177, "percent_covered_display": "67", "missing_lines": 17, "excluded_lines": 0, "percent_statements_covered": 71.1864406779661, "percent_statements_covered_display": "71", "num_branches": 26, "num_partial_branches": 7, "covered_branches": 15, "missing_branches": 11, "percent_branches_covered": 57.69230769230769, "percent_branches_covered_display": "58"}, "missing_lines": [143, 144, 145, 149, 150, 151, 153, 154, 155, 160, 161, 162, 163, 165, 166, 167, 168], "excluded_lines": [], "start_line": 68, "executed_branches": [[99, 100], [99, 101], [101, 102], [101, 104], [113, 114], [113, 172], [123, 124], [134, 136], [136, 137], [136, 142], [142, 148], [148, 152], [152, 158], [159, 164], [164, 170]], "missing_branches": [[123, 130], [134, 170], [142, 143], [148, 149], [152, 153], [159, 160], [160, 161], [160, 170], [164, 165], [165, 166], [165, 170]]}, "_calculate_intercept_point": {"executed_lines": [200, 201, 203, 204, 207, 208, 211, 214, 215, 216, 217, 220, 223, 224, 225, 227], "summary": {"covered_lines": 16, "num_statements": 17, "percent_covered": 91.30434782608695, "percent_covered_display": "91", "missing_lines": 1, "excluded_lines": 0, "percent_statements_covered": 94.11764705882354, "percent_statements_covered_display": "94", "num_branches": 6, "num_partial_branches": 1, "covered_branches": 5, "missing_branches": 1, "percent_branches_covered": 83.33333333333333, "percent_branches_covered_display": "83"}, "missing_lines": [209], "excluded_lines": [], "start_line": 180, "executed_branches": [[207, 208], [207, 227], [208, 211], [223, 207], [223, 224]], "missing_branches": [[208, 209]]}, "_assess_read_quality": {"executed_lines": [248, 249, 250, 251, 254, 261, 262, 266, 267, 268, 275, 276, 279, 280, 290], "summary": {"covered_lines": 15, "num_statements": 22, "percent_covered": 52.94117647058823, "percent_covered_display": "53", "missing_lines": 7, "excluded_lines": 0, "percent_statements_covered": 68.18181818181819, "percent_statements_covered_display": "68", "num_branches": 12, "num_partial_branches": 3, "covered_branches": 3, "missing_branches": 9, "percent_branches_covered": 25.0, "percent_branches_covered_display": "25"}, "missing_lines": [281, 282, 283, 284, 285, 286, 288], "excluded_lines": [], "start_line": 230, "executed_branches": [[267, 268], [275, 276], [279, 280]], "missing_branches": [[267, 279], [275, 279], [279, 281], [281, 282], [281, 283], [283, 284], [283, 285], [285, 286], [285, 288]]}, "analyze_player_reads": {"executed_lines": [308, 310, 311, 313, 314, 316, 318, 319, 322, 323, 324, 325, 326, 328, 332, 333, 334, 335, 336, 338, 339, 342, 349, 357, 364, 376, 378], "summary": {"covered_lines": 27, "num_statements": 28, "percent_covered": 91.30434782608695, "percent_covered_display": "91", "missing_lines": 1, "excluded_lines": 0, "percent_statements_covered": 96.42857142857143, "percent_statements_covered_display": "96", "num_branches": 18, "num_partial_branches": 3, "covered_branches": 15, "missing_branches": 3, "percent_branches_covered": 83.33333333333333, "percent_branches_covered_display": "83"}, "missing_lines": [329], "excluded_lines": [], "start_line": 293, "executed_branches": [[310, 311], [310, 313], [316, 318], [316, 378], [318, 319], [318, 322], [323, 324], [324, 325], [328, 332], [333, 334], [333, 338], [334, 333], [334, 335], [338, 339], [338, 342]], "missing_branches": [[323, 328], [324, 323], [328, 329]]}, "analyze_ball_prediction": {"executed_lines": [391, 392, 393, 394, 396, 397, 399, 400, 402, 403, 404, 405, 407, 408, 409, 410, 411, 413, 423, 424, 426, 436, 446, 449, 450, 451, 457], "summary": {"covered_lines": 27, "num_statements": 27, "percent_covered": 97.43589743589743, "percent_covered_display": "97", "missing_lines": 0, "excluded_lines": 0, "percent_statements_covered": 100.0, "percent_statements_covered_display": "100", "num_branches": 12, "num_partial_branches": 1, "covered_branches": 11, "missing_branches": 1, "percent_branches_covered": 91.66666666666667, "percent_branches_covered_display": "92"}, "missing_lines": [], "excluded_lines": [], "start_line": 381, "executed_branches": [[392, 393], [392, 396], [393, 392], [393, 394], [399, 400], [399, 446], [402, 403], [402, 436], [407, 408], [407, 423], [410, 411]], "missing_branches": [[410, 413]]}, "": {"executed_lines": [9, 11, 12, 13, 15, 16, 19, 22, 23, 24, 25, 26, 29, 30, 33, 34, 35, 36, 39, 40, 43, 44, 45, 46, 47, 48, 49, 53, 54, 55, 56, 57, 60, 61, 62, 63, 65, 68, 180, 230, 293, 381], "summary": {"covered_lines": 42, "num_statements": 42, "percent_covered": 100.0, "percent_covered_display": "100", "missing_lines": 0, "excluded_lines": 0, "percent_statements_covered": 100.0, "percent_statements_covered_display": "100", "num_branches": 0, "num_partial_branches": 0, "covered_branches": 0, "missing_branches": 0, "percent_branches_covered": 100.0, "percent_branches_covered_display": "100"}, "missing_lines": [], "excluded_lines": [], "start_line": 1, "executed_branches": [], "missing_branches": []}}, "classes": {"ReadQuality": {"executed_lines": [], "summary": {"covered_lines": 0, "num_statements": 0, "percent_covered": 100.0, "percent_covered_display": "100", "missing_lines": 0, "excluded_lines": 0, "percent_statements_covered": 100.0, "percent_statements_covered_display": "100", "num_branches": 0, "num_partial_branches": 0, "covered_branches": 0, "missing_branches": 0, "percent_branches_covered": 100.0, "percent_branches_covered_display": "100"}, "missing_lines": [], "excluded_lines": [], "start_line": 19, "executed_branches": [], "missing_branches": []}, "BallPrediction": {"executed_lines": [], "summary": {"covered_lines": 0, "num_statements": 0, "percent_covered": 100.0, "percent_covered_display": "100", "missing_lines": 0, "excluded_lines": 0, "percent_statements_covered": 100.0, "percent_statements_covered_display": "100", "num_branches": 0, "num_partial_branches": 0, "covered_branches": 0, "missing_branches": 0, "percent_branches_covered": 100.0, "percent_branches_covered_display": "100"}, "missing_lines": [], "excluded_lines": [], "start_line": 30, "executed_branches": [], "missing_branches": []}, "ReadEvent": {"executed_lines": [], "summary": {"covered_lines": 0, "num_statements": 0, "percent_covered": 100.0, "percent_covered_display": "100", "missing_lines": 0, "excluded_lines": 0, "percent_statements_covered": 100.0, "percent_statements_covered_display": "100", "num_branches": 0, "num_partial_branches": 0, "covered_branches": 0, "missing_branches": 0, "percent_branches_covered": 100.0, "percent_branches_covered_display": "100"}, "missing_lines": [], "excluded_lines": [], "start_line": 40, "executed_branches": [], "missing_branches": []}, "": {"executed_lines": [9, 11, 12, 13, 15, 16, 19, 22, 23, 24, 25, 26, 29, 30, 33, 34, 35, 36, 39, 40, 43, 44, 45, 46, 47, 48, 49, 53, 54, 55, 56, 57, 60, 61, 62, 63, 65, 68, 88, 89, 90, 91, 92, 93, 99, 100, 101, 102, 104, 107, 109, 110, 111, 113, 114, 115, 116, 119, 122, 123, 124, 125, 126, 127, 130, 131, 132, 134, 136, 137, 138, 139, 142, 148, 152, 158, 159, 164, 170, 172, 180, 200, 201, 203, 204, 207, 208, 211, 214, 215, 216, 217, 220, 223, 224, 225, 227, 230, 248, 249, 250, 251, 254, 261, 262, 266, 267, 268, 275, 276, 279, 280, 290, 293, 308, 310, 311, 313, 314, 316, 318, 319, 322, 323, 324, 325, 326, 328, 332, 333, 334, 335, 336, 338, 339, 342, 349, 357, 364, 376, 378, 381, 391, 392, 393, 394, 396, 397, 399, 400, 402, 403, 404, 405, 407, 408, 409, 410, 411, 413, 423, 424, 426, 436, 446, 449, 450, 451, 457], "summary": {"covered_lines": 169, "num_statements": 195, "percent_covered": 81.04089219330855, "percent_covered_display": "81", "missing_lines": 26, "excluded_lines": 0, "percent_statements_covered": 86.66666666666667, "percent_statements_covered_display": "87", "num_branches": 74, "num_partial_branches": 15, "covered_branches": 49, "missing_branches": 25, "percent_branches_covered": 66.21621621621621, "percent_branches_covered_display": "66"}, "missing_lines": [143, 144, 145, 149, 150, 151, 153, 154, 155, 160, 161, 162, 163, 165, 166, 167, 168, 209, 281, 282, 283, 284, 285, 286, 288, 329], "excluded_lines": [], "start_line": 1, "executed_branches": [[99, 100], [99, 101], [101, 102], [101, 104], [113, 114], [113, 172], [123, 124], [134, 136], [136, 137], [136, 142], [142, 148], [148, 152], [152, 158], [159, 164], [164, 170], [207, 208], [207, 227], [208, 211], [223, 207], [223, 224], [267, 268], [275, 276], [279, 280], [310, 311], [310, 313], [316, 318], [316, 378], [318, 319], [318, 322], [323, 324], [324, 325], [328, 332], [333, 334], [333, 338], [334, 333], [334, 335], [338, 339], [338, 342], [392, 393], [392, 396], [393, 392], [393, 394], [399, 400], [399, 446], [402, 403], [402, 436], [407, 408], [407, 423], [410, 411]], "missing_branches": [[123, 130], [134, 170], [142, 143], [148, 149], [152, 153], [159, 160], [160, 161], [160, 170], [164, 165], [165, 166], [165, 170], [208, 209], [267, 279], [275, 279], [279, 281], [281, 282], [281, 283], [283, 284], [283, 285], [285, 286], [285, 288], [323, 328], [324, 323], [328, 329], [410, 413]]}}}, "src/rlcoach/analysis/boost.py": {"executed_lines": [14, 16, 17, 18, 20, 21, 22, 25, 26, 27, 28, 29, 30, 31, 32, 33, 34, 35, 36, 37, 40, 75, 78, 79, 81, 82, 85, 86, 93, 103, 104, 105, 106, 107, 110, 111, 112, 115, 116, 117, 118, 120, 121, 122, 125, 126, 129, 130, 133, 134, 137, 138, 139, 142, 146, 149, 156, 157, 160, 163, 164, 165, 166, 167, 168, 169, 170, 172, 173, 175, 176, 177, 178, 179, 180, 182, 183, 184, 185, 187, 188, 189, 191, 198, 199, 200, 201, 202, 205, 212, 213, 214, 215, 216, 218, 234, 247, 249, 250, 254, 267, 268, 270, 272, 273, 275, 277, 279, 280, 283, 284, 285, 288, 291, 292, 295, 296, 297, 299, 301, 309, 310, 311, 314, 316, 333, 335, 336, 337, 340, 341, 343, 344, 377, 384, 385, 386, 388, 389, 390, 391, 393, 394, 396, 397, 398, 399, 402, 404, 407, 408, 409, 410, 411, 412, 413, 414, 415, 416, 417, 420, 424, 425, 426, 428, 429, 430, 431, 432, 433, 434, 435, 436, 446, 447, 448, 451, 458, 459, 460, 467, 469, 472, 474, 476, 477, 483, 485, 487, 488, 493, 495, 496, 497, 498, 499, 502, 512, 513, 515, 516, 517, 518, 520, 521, 524, 526, 527, 532, 533, 534, 535, 536, 537, 538, 539, 540, 541, 544, 547, 548, 549, 553, 556, 564, 566, 569, 571, 588, 590, 591, 592, 593, 596, 598, 600], "summary": {"covered_lines": 236, "num_statements": 318, "percent_covered": 70.042194092827, "percent_covered_display": "70", "missing_lines": 82, "excluded_lines": 0, "percent_statements_covered": 74.21383647798743, "percent_statements_covered_display": "74", "num_branches": 156, "num_partial_branches": 24, "covered_branches": 96, "missing_branches": 60, "percent_branches_covered": 61.53846153846154, "percent_branches_covered_display": "62"}, "missing_lines": [90, 154, 203, 219, 220, 221, 226, 227, 229, 230, 231, 232, 235, 236, 237, 238, 239, 240, 241, 242, 243, 244, 245, 248, 255, 256, 257, 258, 259, 260, 261, 262, 263, 265, 269, 271, 276, 281, 286, 293, 298, 300, 338, 346, 347, 348, 349, 350, 351, 352, 353, 355, 356, 357, 358, 359, 361, 362, 363, 364, 365, 366, 367, 368, 369, 371, 405, 461, 462, 463, 464, 465, 466, 468, 475, 478, 479, 480, 486, 489, 490, 599], "excluded_lines": [], "executed_branches": [[81, 82], [81, 85], [85, 86], [115, 116], [115, 163], [117, 118], [117, 120], [125, 126], [125, 156], [129, 130], [129, 133], [133, 134], [133, 137], [137, 138], [137, 156], [142, 146], [142, 149], [149, 156], [175, 176], [175, 198], [176, 177], [176, 309], [179, 180], [179, 182], [182, 183], [182, 187], [184, 185], [184, 191], [188, 189], [188, 191], [198, 199], [198, 309], [200, 201], [200, 309], [202, 205], [218, 234], [234, 247], [247, 249], [254, 267], [268, 270], [270, 272], [275, 277], [280, 283], [283, 284], [283, 288], [285, 295], [292, 295], [297, 299], [299, 301], [337, 340], [343, 344], [388, 389], [388, 393], [389, 390], [389, 391], [393, 394], [393, 396], [404, 407], [409, 410], [409, 417], [414, 409], [414, 415], [428, 429], [428, 448], [430, 431], [430, 432], [433, 434], [433, 446], [435, 436], [435, 446], [460, 467], [467, 469], [474, 476], [476, 477], [485, 487], [495, 496], [495, 499], [497, 495], [497, 498], [515, 516], [515, 520], [516, 515], [516, 517], [517, 516], [517, 518], [520, 521], [520, 524], [526, 527], [526, 547], [556, 564], [556, 566], [590, 591], [590, 593], [591, 590], [591, 592], [598, 600]], "missing_branches": [[85, 90], [149, 154], [202, 203], [218, 219], [226, 227], [226, 229], [234, 235], [239, 240], [239, 243], [243, 244], [243, 275], [244, 245], [244, 275], [247, 248], [254, 255], [257, 258], [257, 260], [261, 262], [261, 270], [262, 263], [262, 265], [268, 269], [270, 271], [275, 276], [280, 281], [285, 286], [292, 293], [297, 298], [299, 300], [337, 338], [343, 346], [346, 347], [346, 355], [348, 349], [348, 350], [351, 352], [351, 353], [355, 356], [355, 361], [357, 358], [357, 359], [361, 362], [361, 371], [364, 365], [364, 366], [367, 368], [367, 369], [404, 405], [460, 461], [461, 462], [461, 463], [464, 460], [464, 465], [467, 468], [474, 475], [476, 478], [478, 479], [478, 480], [485, 486], [598, 599]], "functions": {"analyze_boost": {"executed_lines": [75, 78, 79, 81, 82, 85, 86], "summary": {"covered_lines": 7, "num_statements": 8, "percent_covered": 83.33333333333333, "percent_covered_display": "83", "missing_lines": 1, "excluded_lines": 0, "percent_statements_covered": 87.5, "percent_statements_covered_display": "88", "num_branches": 4, "num_partial_branches": 1, "covered_branches": 3, "missing_branches": 1, "percent_branches_covered": 75.0, "percent_branches_covered_display": "75"}, "missing_lines": [90], "excluded_lines": [], "start_line": 40, "executed_branches": [[81, 82], [81, 85], [85, 86]], "missing_branches": [[85, 90]]}, "_analyze_player_boost": {"executed_lines": [103, 104, 105, 106, 107, 110, 111, 112, 115, 116, 117, 118, 120, 121, 122, 125, 126, 129, 130, 133, 134, 137, 138, 139, 142, 146, 149, 156, 157, 160, 163, 164, 165, 166, 167, 168, 169, 170, 172, 173, 175, 176, 177, 178, 179, 180, 182, 183, 184, 185, 187, 188, 189, 191, 198, 199, 200, 201, 202, 205, 212, 213, 214, 215, 216, 218, 234, 247, 249, 250, 254, 267, 268, 270, 272, 273, 275, 277, 279, 280, 283, 284, 285, 288, 291, 292, 295, 296, 297, 299, 301, 309, 310, 311, 314, 316], "summary": {"covered_lines": 96, "num_statements": 137, "percent_covered": 67.29857819905213, "percent_covered_display": "67", "missing_lines": 41, "excluded_lines": 0, "percent_statements_covered": 70.07299270072993, "percent_statements_covered_display": "70", "num_branches": 74, "num_partial_branches": 14, "covered_branches": 46, "missing_branches": 28, "percent_branches_covered": 62.16216216216216, "percent_branches_covered_display": "62"}, "missing_lines": [154, 203, 219, 220, 221, 226, 227, 229, 230, 231, 232, 235, 236, 237, 238, 239, 240, 241, 242, 243, 244, 245, 248, 255, 256, 257, 258, 259, 260, 261, 262, 263, 265, 269, 271, 276, 281, 286, 293, 298, 300], "excluded_lines": [], "start_line": 93, "executed_branches": [[115, 116], [115, 163], [117, 118], [117, 120], [125, 126], [125, 156], [129, 130], [129, 133], [133, 134], [133, 137], [137, 138], [137, 156], [142, 146], [142, 149], [149, 156], [175, 176], [175, 198], [176, 177], [176, 309], [179, 180], [179, 182], [182, 183], [182, 187], [184, 185], [184, 191], [188, 189], [188, 191], [198, 199], [198, 309], [200, 201], [200, 309], [202, 205], [218, 234], [234, 247], [247, 249], [254, 267], [268, 270], [270, 272], [275, 277], [280, 283], [283, 284], [283, 288], [285, 295], [292, 295], [297, 299], [299, 301]], "missing_branches": [[149, 154], [202, 203], [218, 219], [226, 227], [226, 229], [234, 235], [239, 240], [239, 243], [243, 244], [243, 275], [244, 245], [244, 275], [247, 248], [254, 255], [257, 258], [257, 260], [261, 262], [261, 270], [262, 263], [262, 265], [268, 269], [270, 271], [275, 276], [280, 281], [285, 286], [292, 293], [297, 298], [299, 300]]}, "_resolve_pickup_gain": {"executed_lines": [335, 336, 337, 340, 341, 343, 344], "summary": {"covered_lines": 7, "num_statements": 31, "percent_covered": 17.647058823529413, "percent_covered_display": "18", "missing_lines": 24, "excluded_lines": 0, "percent_statements_covered": 22.580645161290324, "percent_statements_covered_display": "23", "num_branches": 20, "num_partial_branches": 2, "covered_branches": 2, "missing_branches": 18, "percent_branches_covered": 10.0, "percent_branches_covered_display": "10"}, "missing_lines": [338, 346, 347, 348, 349, 350, 351, 352, 353, 355, 356, 357, 358, 359, 361, 362, 363, 364, 365, 366, 367, 368, 369, 371], "excluded_lines": [], "start_line": 333, "executed_branches": [[337, 340], [343, 344]], "missing_branches": [[337, 338], [343, 346], [346, 347], [346, 355], [348, 349], [348, 350], [351, 352], [351, 353], [355, 356], [355, 361], [357, 358], [357, 359], [361, 362], [361, 371], [364, 365], [364, 366], [367, 368], [367, 369]]}, "_compute_overfill": {"executed_lines": [384, 385, 386, 388, 389, 390, 391, 393, 394, 396, 397, 398, 399], "summary": {"covered_lines": 13, "num_statements": 13, "percent_covered": 100.0, "percent_covered_display": "100", "missing_lines": 0, "excluded_lines": 0, "percent_statements_covered": 100.0, "percent_statements_covered_display": "100", "num_branches": 6, "num_partial_branches": 0, "covered_branches": 6, "missing_branches": 0, "percent_branches_covered": 100.0, "percent_branches_covered_display": "100"}, "missing_lines": [], "excluded_lines": [], "start_line": 377, "executed_branches": [[388, 389], [388, 393], [389, 390], [389, 391], [393, 394], [393, 396]], "missing_branches": []}, "_infer_pad_from_position": {"executed_lines": [404, 407, 408, 409, 410, 411, 412, 413, 414, 415, 416, 417], "summary": {"covered_lines": 12, "num_statements": 13, "percent_covered": 89.47368421052632, "percent_covered_display": "89", "missing_lines": 1, "excluded_lines": 0, "percent_statements_covered": 92.3076923076923, "percent_statements_covered_display": "92", "num_branches": 6, "num_partial_branches": 1, "covered_branches": 5, "missing_branches": 1, "percent_branches_covered": 83.33333333333333, "percent_branches_covered_display": "83"}, "missing_lines": [405], "excluded_lines": [], "start_line": 402, "executed_branches": [[404, 407], [409, 410], [409, 417], [414, 409], [414, 415]], "missing_branches": [[404, 405]]}, "_collect_boost_delta_events": {"executed_lines": [424, 425, 426, 428, 429, 430, 431, 432, 433, 434, 435, 436, 446, 447, 448], "summary": {"covered_lines": 15, "num_statements": 15, "percent_covered": 100.0, "percent_covered_display": "100", "missing_lines": 0, "excluded_lines": 0, "percent_statements_covered": 100.0, "percent_statements_covered_display": "100", "num_branches": 8, "num_partial_branches": 0, "covered_branches": 8, "missing_branches": 0, "percent_branches_covered": 100.0, "percent_branches_covered_display": "100"}, "missing_lines": [], "excluded_lines": [], "start_line": 420, "executed_branches": [[428, 429], [428, 448], [430, 431], [430, 432], [433, 434], [433, 446], [435, 436], [435, 446]], "missing_branches": []}, "_match_pickup_for_delta": {"executed_lines": [458, 459, 460, 467, 469], "summary": {"covered_lines": 5, "num_statements": 12, "percent_covered": 35.0, "percent_covered_display": "35", "missing_lines": 7, "excluded_lines": 0, "percent_statements_covered": 41.666666666666664, "percent_statements_covered_display": "42", "num_branches": 8, "num_partial_branches": 2, "covered_branches": 2, "missing_branches": 6, "percent_branches_covered": 25.0, "percent_branches_covered_display": "25"}, "missing_lines": [461, 462, 463, 464, 465, 466, 468], "excluded_lines": [], "start_line": 451, "executed_branches": [[460, 467], [467, 469]], "missing_branches": [[460, 461], [461, 462], [461, 463], [464, 460], [464, 465], [467, 468]]}, "_position_is_stolen": {"executed_lines": [474, 476, 477], "summary": {"covered_lines": 3, "num_statements": 7, "percent_covered": 38.46153846153846, "percent_covered_display": "38", "missing_lines": 4, "excluded_lines": 0, "percent_statements_covered": 42.857142857142854, "percent_statements_covered_display": "43", "num_branches": 6, "num_partial_branches": 2, "covered_branches": 2, "missing_branches": 4, "percent_branches_covered": 33.333333333333336, "percent_branches_covered_display": "33"}, "missing_lines": [475, 478, 479, 480], "excluded_lines": [], "start_line": 472, "executed_branches": [[474, 476], [476, 477]], "missing_branches": [[474, 475], [476, 478], [478, 479], [478, 480]]}, "_to_float": {"executed_lines": [485, 487, 488], "summary": {"covered_lines": 3, "num_statements": 6, "percent_covered": 50.0, "percent_covered_display": "50", "missing_lines": 3, "excluded_lines": 0, "percent_statements_covered": 50.0, "percent_statements_covered_display": "50", "num_branches": 2, "num_partial_branches": 1, "covered_branches": 1, "missing_branches": 1, "percent_branches_covered": 50.0, "percent_branches_covered_display": "50"}, "missing_lines": [486, 489, 490], "excluded_lines": [], "start_line": 483, "executed_branches": [[485, 487]], "missing_branches": [[485, 486]]}, "_infer_player_team": {"executed_lines": [495, 496, 497, 498, 499], "summary": {"covered_lines": 5, "num_statements": 5, "percent_covered": 100.0, "percent_covered_display": "100", "missing_lines": 0, "excluded_lines": 0, "percent_statements_covered": 100.0, "percent_statements_covered_display": "100", "num_branches": 4, "num_partial_branches": 0, "covered_branches": 4, "missing_branches": 0, "percent_branches_covered": 100.0, "percent_branches_covered_display": "100"}, "missing_lines": [], "excluded_lines": [], "start_line": 493, "executed_branches": [[495, 496], [495, 499], [497, 495], [497, 498]], "missing_branches": []}, "_analyze_team_boost": {"executed_lines": [512, 513, 515, 516, 517, 518, 520, 521, 524, 526, 527, 532, 533, 534, 535, 536, 537, 538, 539, 540, 541, 544, 547, 548, 549, 553, 556, 564, 566], "summary": {"covered_lines": 29, "num_statements": 29, "percent_covered": 100.0, "percent_covered_display": "100", "missing_lines": 0, "excluded_lines": 0, "percent_statements_covered": 100.0, "percent_statements_covered_display": "100", "num_branches": 12, "num_partial_branches": 0, "covered_branches": 12, "missing_branches": 0, "percent_branches_covered": 100.0, "percent_branches_covered_display": "100"}, "missing_lines": [], "excluded_lines": [], "start_line": 502, "executed_branches": [[515, 516], [515, 520], [516, 515], [516, 517], [517, 516], [517, 518], [520, 521], [520, 524], [526, 527], [526, 547], [556, 564], [556, 566]], "missing_branches": []}, "_empty_boost": {"executed_lines": [571], "summary": {"covered_lines": 1, "num_statements": 1, "percent_covered": 100.0, "percent_covered_display": "100", "missing_lines": 0, "excluded_lines": 0, "percent_statements_covered": 100.0, "percent_statements_covered_display": "100", "num_branches": 0, "num_partial_branches": 0, "covered_branches": 0, "missing_branches": 0, "percent_branches_covered": 100.0, "percent_branches_covered_display": "100"}, "missing_lines": [], "excluded_lines": [], "start_line": 569, "executed_branches": [], "missing_branches": []}, "_find_player_in_frame": {"executed_lines": [590, 591, 592, 593], "summary": {"covered_lines": 4, "num_statements": 4, "percent_covered": 100.0, "percent_covered_display": "100", "missing_lines": 0, "excluded_lines": 0, "percent_statements_covered": 100.0, "percent_statements_covered_display": "100", "num_branches": 4, "num_partial_branches": 0, "covered_branches": 4, "missing_branches": 0, "percent_branches_covered": 100.0, "percent_branches_covered_display": "100"}, "missing_lines": [], "excluded_lines": [], "start_line": 588, "executed_branches": [[590, 591], [590, 593], [591, 590], [591, 592]], "missing_branches": []}, "_calculate_speed": {"executed_lines": [598, 600], "summary": {"covered_lines": 2, "num_statements": 3, "percent_covered": 60.0, "percent_covered_display": "60", "missing_lines": 1, "excluded_lines": 0, "percent_statements_covered": 66.66666666666667, "percent_statements_covered_display": "67", "num_branches": 2, "num_partial_branches": 1, "covered_branches": 1, "missing_branches": 1, "percent_branches_covered": 50.0, "percent_branches_covered_display": "50"}, "missing_lines": [599], "excluded_lines": [], "start_line": 596, "executed_branches": [[598, 600]], "missing_branches": [[598, 599]]}, "": {"executed_lines": [14, 16, 17, 18, 20, 21, 22, 25, 26, 27, 28, 29, 30, 31, 32, 33, 34, 35, 36, 37, 40, 93, 333, 377, 402, 420, 451, 472, 483, 493, 502, 569, 588, 596], "summary": {"covered_lines": 34, "num_statements": 34, "percent_covered": 100.0, "percent_covered_display": "100", "missing_lines": 0, "excluded_lines": 0, "percent_statements_covered": 100.0, "percent_statements_covered_display": "100", "num_branches": 0, "num_partial_branches": 0, "covered_branches": 0, "missing_branches": 0, "percent_branches_covered": 100.0, "percent_branches_covered_display": "100"}, "missing_lines": [], "excluded_lines": [], "start_line": 1, "executed_branches": [], "missing_branches": []}}, "classes": {"": {"executed_lines": [14, 16, 17, 18, 20, 21, 22, 25, 26, 27, 28, 29, 30, 31, 32, 33, 34, 35, 36, 37, 40, 75, 78, 79, 81, 82, 85, 86, 93, 103, 104, 105, 106, 107, 110, 111, 112, 115, 116, 117, 118, 120, 121, 122, 125, 126, 129, 130, 133, 134, 137, 138, 139, 142, 146, 149, 156, 157, 160, 163, 164, 165, 166, 167, 168, 169, 170, 172, 173, 175, 176, 177, 178, 179, 180, 182, 183, 184, 185, 187, 188, 189, 191, 198, 199, 200, 201, 202, 205, 212, 213, 214, 215, 216, 218, 234, 247, 249, 250, 254, 267, 268, 270, 272, 273, 275, 277, 279, 280, 283, 284, 285, 288, 291, 292, 295, 296, 297, 299, 301, 309, 310, 311, 314, 316, 333, 335, 336, 337, 340, 341, 343, 344, 377, 384, 385, 386, 388, 389, 390, 391, 393, 394, 396, 397, 398, 399, 402, 404, 407, 408, 409, 410, 411, 412, 413, 414, 415, 416, 417, 420, 424, 425, 426, 428, 429, 430, 431, 432, 433, 434, 435, 436, 446, 447, 448, 451, 458, 459, 460, 467, 469, 472, 474, 476, 477, 483, 485, 487, 488, 493, 495, 496, 497, 498, 499, 502, 512, 513, 515, 516, 517, 518, 520, 521, 524, 526, 527, 532, 533, 534, 535, 536, 537, 538, 539, 540, 541, 544, 547, 548, 549, 553, 556, 564, 566, 569, 571, 588, 590, 591, 592, 593, 596, 598, 600], "summary": {"covered_lines": 236, "num_statements": 318, "percent_covered": 70.042194092827, "percent_covered_display": "70", "missing_lines": 82, "excluded_lines": 0, "percent_statements_covered": 74.21383647798743, "percent_statements_covered_display": "74", "num_branches": 156, "num_partial_branches": 24, "covered_branches": 96, "missing_branches": 60, "percent_branches_covered": 61.53846153846154, "percent_branches_covered_display": "62"}, "missing_lines": [90, 154, 203, 219, 220, 221, 226, 227, 229, 230, 231, 232, 235, 236, 237, 238, 239, 240, 241, 242, 243, 244, 245, 248, 255, 256, 257, 258, 259, 260, 261, 262, 263, 265, 269, 271, 276, 281, 286, 293, 298, 300, 338, 346, 347, 348, 349, 350, 351, 352, 353, 355, 356, 357, 358, 359, 361, 362, 363, 364, 365, 366, 367, 368, 369, 371, 405, 461, 462, 463, 464, 465, 466, 468, 475, 478, 479, 480, 486, 489, 490, 599], "excluded_lines": [], "start_line": 1, "executed_branches": [[81, 82], [81, 85], [85, 86], [115, 116], [115, 163], [117, 118], [117, 120], [125, 126], [125, 156], [129, 130], [129, 133], [133, 134], [133, 137], [137, 138], [137, 156], [142, 146], [142, 149], [149, 156], [175, 176], [175, 198], [176, 177], [176, 309], [179, 180], [179, 182], [182, 183], [182, 187], [184, 185], [184, 191], [188, 189], [188, 191], [198, 199], [198, 309], [200, 201], [200, 309], [202, 205], [218, 234], [234, 247], [247, 249], [254, 267], [268, 270], [270, 272], [275, 277], [280, 283], [283, 284], [283, 288], [285, 295], [292, 295], [297, 299], [299, 301], [337, 340], [343, 344], [388, 389], [388, 393], [389, 390], [389, 391], [393, 394], [393, 396], [404, 407], [409, 410], [409, 417], [414, 409], [414, 415], [428, 429], [428, 448], [430, 431], [430, 432], [433, 434], [433, 446], [435, 436], [435, 446], [460, 467], [467, 469], [474, 476], [476, 477], [485, 487], [495, 496], [495, 499], [497, 495], [497, 498], [515, 516], [515, 520], [516, 515], [516, 517], [517, 516], [517, 518], [520, 521], [520, 524], [526, 527], [526, 547], [556, 564], [556, 566], [590, 591], [590, 593], [591, 590], [591, 592], [598, 600]], "missing_branches": [[85, 90], [149, 154], [202, 203], [218, 219], [226, 227], [226, 229], [234, 235], [239, 240], [239, 243], [243, 244], [243, 275], [244, 245], [244, 275], [247, 248], [254, 255], [257, 258], [257, 260], [261, 262], [261, 270], [262, 263], [262, 265], [268, 269], [270, 271], [275, 276], [280, 281], [285, 286], [292, 293], [297, 298], [299, 300], [337, 338], [343, 346], [346, 347], [346, 355], [348, 349], [348, 350], [351, 352], [351, 353], [355, 356], [355, 361], [357, 358], [357, 359], [361, 362], [361, 371], [364, 365], [364, 366], [367, 368], [367, 369], [404, 405], [460, 461], [461, 462], [461, 463], [464, 460], [464, 465], [467, 468], [474, 475], [476, 478], [478, 479], [478, 480], [485, 486], [598, 599]]}}}, "src/rlcoach/analysis/challenges.py": {"executed_lines": [20, 22, 24, 30, 33, 46, 47, 48, 49, 50, 52, 53, 54, 59, 60, 62, 85, 87, 88, 89, 99, 101, 102, 103, 104, 107, 108, 109, 110, 111, 112, 113, 114, 115, 117, 120, 121, 122, 127, 128, 130, 131, 132, 133, 134, 136, 137, 138, 139, 141, 144, 145, 146, 151, 152, 153, 154, 155, 156, 157, 158, 159, 160, 170, 171, 173, 174, 175], "summary": {"covered_lines": 68, "num_statements": 78, "percent_covered": 81.73076923076923, "percent_covered_display": "82", "missing_lines": 10, "excluded_lines": 0, "percent_statements_covered": 87.17948717948718, "percent_statements_covered_display": "87", "num_branches": 26, "num_partial_branches": 9, "covered_branches": 17, "missing_branches": 9, "percent_branches_covered": 65.38461538461539, "percent_branches_covered_display": "65"}, "missing_lines": [105, 118, 119, 124, 125, 142, 143, 148, 149, 177], "excluded_lines": [], "executed_branches": [[47, 48], [49, 50], [49, 52], [53, 54], [53, 59], [59, 60], [88, 89], [101, 102], [101, 151], [104, 107], [117, 120], [120, 121], [141, 144], [144, 145], [170, 171], [170, 173], [173, 174]], "missing_branches": [[47, 49], [59, 62], [88, 99], [104, 105], [117, 118], [120, 124], [141, 142], [144, 148], [173, 177]], "functions": {"analyze_challenges": {"executed_lines": [46, 47, 48, 49, 50, 52, 53, 54, 59, 60, 62, 85, 87, 101, 102, 103, 104, 107, 108, 109, 110, 111, 112, 113, 114, 115, 117, 120, 121, 122, 127, 128, 130, 131, 132, 133, 134, 136, 137, 138, 139, 141, 144, 145, 146, 151, 170, 171, 173, 174, 175], "summary": {"covered_lines": 51, "num_statements": 61, "percent_covered": 78.82352941176471, "percent_covered_display": "79", "missing_lines": 10, "excluded_lines": 0, "percent_statements_covered": 83.60655737704919, "percent_statements_covered_display": "84", "num_branches": 24, "num_partial_branches": 8, "covered_branches": 16, "missing_branches": 8, "percent_branches_covered": 66.66666666666667, "percent_branches_covered_display": "67"}, "missing_lines": [105, 118, 119, 124, 125, 142, 143, 148, 149, 177], "excluded_lines": [], "start_line": 33, "executed_branches": [[47, 48], [49, 50], [49, 52], [53, 54], [53, 59], [59, 60], [101, 102], [101, 151], [104, 107], [117, 120], [120, 121], [141, 144], [144, 145], [170, 171], [170, 173], [173, 174]], "missing_branches": [[47, 49], [59, 62], [104, 105], [117, 118], [120, 124], [141, 142], [144, 148], [173, 177]]}, "analyze_challenges.ensure_player": {"executed_lines": [88, 89, 99], "summary": {"covered_lines": 3, "num_statements": 3, "percent_covered": 80.0, "percent_covered_display": "80", "missing_lines": 0, "excluded_lines": 0, "percent_statements_covered": 100.0, "percent_statements_covered_display": "100", "num_branches": 2, "num_partial_branches": 1, "covered_branches": 1, "missing_branches": 1, "percent_branches_covered": 50.0, "percent_branches_covered_display": "50"}, "missing_lines": [], "excluded_lines": [], "start_line": 87, "executed_branches": [[88, 89]], "missing_branches": [[88, 99]]}, "analyze_challenges.compose": {"executed_lines": [152, 153, 154, 155, 156, 157, 158, 159, 160], "summary": {"covered_lines": 9, "num_statements": 9, "percent_covered": 100.0, "percent_covered_display": "100", "missing_lines": 0, "excluded_lines": 0, "percent_statements_covered": 100.0, "percent_statements_covered_display": "100", "num_branches": 0, "num_partial_branches": 0, "covered_branches": 0, "missing_branches": 0, "percent_branches_covered": 100.0, "percent_branches_covered_display": "100"}, "missing_lines": [], "excluded_lines": [], "start_line": 151, "executed_branches": [], "missing_branches": []}, "": {"executed_lines": [20, 22, 24, 30, 33], "summary": {"covered_lines": 5, "num_statements": 5, "percent_covered": 100.0, "percent_covered_display": "100", "missing_lines": 0, "excluded_lines": 0, "percent_statements_covered": 100.0, "percent_statements_covered_display": "100", "num_branches": 0, "num_partial_branches": 0, "covered_branches": 0, "missing_branches": 0, "percent_branches_covered": 100.0, "percent_branches_covered_display": "100"}, "missing_lines": [], "excluded_lines": [], "start_line": 1, "executed_branches": [], "missing_branches": []}}, "classes": {"": {"executed_lines": [20, 22, 24, 30, 33, 46, 47, 48, 49, 50, 52, 53, 54, 59, 60, 62, 85, 87, 88, 89, 99, 101, 102, 103, 104, 107, 108, 109, 110, 111, 112, 113, 114, 115, 117, 120, 121, 122, 127, 128, 130, 131, 132, 133, 134, 136, 137, 138, 139, 141, 144, 145, 146, 151, 152, 153, 154, 155, 156, 157, 158, 159, 160, 170, 171, 173, 174, 175], "summary": {"covered_lines": 68, "num_statements": 78, "percent_covered": 81.73076923076923, "percent_covered_display": "82", "missing_lines": 10, "excluded_lines": 0, "percent_statements_covered": 87.17948717948718, "percent_statements_covered_display": "87", "num_branches": 26, "num_partial_branches": 9, "covered_branches": 17, "missing_branches": 9, "percent_branches_covered": 65.38461538461539, "percent_branches_covered_display": "65"}, "missing_lines": [105, 118, 119, 124, 125, 142, 143, 148, 149, 177], "excluded_lines": [], "start_line": 1, "executed_branches": [[47, 48], [49, 50], [49, 52], [53, 54], [53, 59], [59, 60], [88, 89], [101, 102], [101, 151], [104, 107], [117, 120], [120, 121], [141, 144], [144, 145], [170, 171], [170, 173], [173, 174]], "missing_branches": [[47, 49], [59, 62], [88, 99], [104, 105], [117, 118], [120, 124], [141, 142], [144, 148], [173, 177]]}}}, "src/rlcoach/analysis/defense.py": {"executed_lines": [10, 12, 13, 14, 16, 17, 18, 21, 24, 25, 26, 27, 28, 29, 32, 35, 36, 37, 38, 39, 42, 43, 46, 47, 48, 49, 50, 51, 52, 53, 54, 57, 58, 61, 62, 63, 64, 65, 66, 67, 71, 72, 73, 74, 77, 87, 88, 90, 91, 92, 94, 97, 108, 109, 111, 114, 130, 131, 134, 141, 148, 149, 151, 155, 156, 157, 159, 162, 165, 168, 198, 213, 214, 216, 217, 220, 229, 230, 232, 233, 237, 238, 239, 240, 242, 245, 255, 256, 259, 261, 262, 275, 279, 280, 283, 285, 286, 287, 293, 294, 295, 296, 309, 312, 317, 320, 322, 337, 346, 347, 348, 351, 352, 353, 354, 355, 358, 359, 367, 368, 369, 370, 371, 372, 375, 376, 377, 379, 380, 381, 384, 385, 388, 389, 390, 392, 394, 404, 405, 408, 409, 410, 412, 427, 430, 431, 433, 435, 437, 438, 442, 445, 446, 447, 450, 452, 456, 461], "summary": {"covered_lines": 158, "num_statements": 190, "percent_covered": 77.61194029850746, "percent_covered_display": "78", "missing_lines": 32, "excluded_lines": 0, "percent_statements_covered": 83.15789473684211, "percent_statements_covered_display": "83", "num_branches": 78, "num_partial_branches": 12, "covered_branches": 50, "missing_branches": 28, "percent_branches_covered": 64.1025641025641, "percent_branches_covered_display": "64"}, "missing_lines": [152, 163, 179, 180, 183, 186, 188, 189, 190, 191, 192, 193, 195, 234, 297, 298, 299, 300, 301, 302, 304, 306, 382, 406, 411, 413, 416, 419, 420, 423, 439, 440], "excluded_lines": [], "executed_branches": [[108, 109], [108, 111], [151, 155], [162, 165], [213, 214], [213, 216], [230, 232], [230, 242], [232, 233], [233, 237], [238, 239], [261, 262], [261, 275], [285, 286], [285, 309], [293, 294], [293, 295], [295, 296], [352, 353], [352, 358], [353, 352], [353, 354], [354, 353], [354, 355], [358, 359], [358, 367], [368, 369], [368, 372], [370, 371], [379, 380], [379, 430], [381, 384], [384, 385], [384, 427], [388, 389], [388, 404], [389, 390], [389, 392], [404, 384], [404, 405], [405, 408], [408, 409], [408, 410], [410, 412], [412, 404], [430, 431], [430, 433], [435, 437], [435, 452], [438, 442]], "missing_branches": [[151, 152], [162, 163], [179, 180], [179, 183], [188, 189], [188, 190], [190, 191], [190, 192], [192, 193], [192, 195], [232, 230], [233, 234], [238, 232], [295, 297], [297, 298], [297, 299], [299, 300], [299, 306], [301, 302], [301, 304], [370, 372], [381, 382], [405, 406], [410, 411], [412, 413], [419, 404], [419, 420], [438, 439]], "functions": {"_distance_to_own_goal": {"executed_lines": [87, 88, 90, 91, 92, 94], "summary": {"covered_lines": 6, "num_statements": 6, "percent_covered": 100.0, "percent_covered_display": "100", "missing_lines": 0, "excluded_lines": 0, "percent_statements_covered": 100.0, "percent_statements_covered_display": "100", "num_branches": 0, "num_partial_branches": 0, "covered_branches": 0, "missing_branches": 0, "percent_branches_covered": 100.0, "percent_branches_covered_display": "100"}, "missing_lines": [], "excluded_lines": [], "start_line": 77, "executed_branches": [], "missing_branches": []}, "_is_goal_side": {"executed_lines": [108, 109, 111], "summary": {"covered_lines": 3, "num_statements": 3, "percent_covered": 100.0, "percent_covered_display": "100", "missing_lines": 0, "excluded_lines": 0, "percent_statements_covered": 100.0, "percent_statements_covered_display": "100", "num_branches": 2, "num_partial_branches": 0, "covered_branches": 2, "missing_branches": 0, "percent_branches_covered": 100.0, "percent_branches_covered_display": "100"}, "missing_lines": [], "excluded_lines": [], "start_line": 97, "executed_branches": [[108, 109], [108, 111]], "missing_branches": []}, "_calculate_shadow_angle": {"executed_lines": [130, 131, 134, 141, 148, 149, 151, 155, 156, 157, 159, 162, 165], "summary": {"covered_lines": 13, "num_statements": 15, "percent_covered": 78.94736842105263, "percent_covered_display": "79", "missing_lines": 2, "excluded_lines": 0, "percent_statements_covered": 86.66666666666667, "percent_statements_covered_display": "87", "num_branches": 4, "num_partial_branches": 2, "covered_branches": 2, "missing_branches": 2, "percent_branches_covered": 50.0, "percent_branches_covered_display": "50"}, "missing_lines": [152, 163], "excluded_lines": [], "start_line": 114, "executed_branches": [[151, 155], [162, 165]], "missing_branches": [[151, 152], [162, 163]]}, "_assess_shadow_quality": {"executed_lines": [], "summary": {"covered_lines": 0, "num_statements": 11, "percent_covered": 0.0, "percent_covered_display": "0", "missing_lines": 11, "excluded_lines": 0, "percent_statements_covered": 0.0, "percent_statements_covered_display": "0", "num_branches": 8, "num_partial_branches": 0, "covered_branches": 0, "missing_branches": 8, "percent_branches_covered": 0.0, "percent_branches_covered_display": "0"}, "missing_lines": [179, 180, 183, 186, 188, 189, 190, 191, 192, 193, 195], "excluded_lines": [], "start_line": 168, "executed_branches": [], "missing_branches": [[179, 180], [179, 183], [188, 189], [188, 190], [190, 191], [190, 192], [192, 193], [192, 195]]}, "_calculate_defensive_coverage": {"executed_lines": [213, 214, 216, 217, 220, 229, 230, 232, 233, 237, 238, 239, 240, 242], "summary": {"covered_lines": 14, "num_statements": 15, "percent_covered": 84.0, "percent_covered_display": "84", "missing_lines": 1, "excluded_lines": 0, "percent_statements_covered": 93.33333333333333, "percent_statements_covered_display": "93", "num_branches": 10, "num_partial_branches": 3, "covered_branches": 7, "missing_branches": 3, "percent_branches_covered": 70.0, "percent_branches_covered_display": "70"}, "missing_lines": [234], "excluded_lines": [], "start_line": 198, "executed_branches": [[213, 214], [213, 216], [230, 232], [230, 242], [232, 233], [233, 237], [238, 239]], "missing_branches": [[232, 230], [233, 234], [238, 232]]}, "analyze_defensive_frame": {"executed_lines": [255, 256, 259, 261, 262, 275, 279, 280, 283, 285, 286, 287, 293, 294, 295, 296, 309, 312, 317, 320, 322], "summary": {"covered_lines": 21, "num_statements": 29, "percent_covered": 65.11627906976744, "percent_covered_display": "65", "missing_lines": 8, "excluded_lines": 0, "percent_statements_covered": 72.41379310344827, "percent_statements_covered_display": "72", "num_branches": 14, "num_partial_branches": 1, "covered_branches": 7, "missing_branches": 7, "percent_branches_covered": 50.0, "percent_branches_covered_display": "50"}, "missing_lines": [297, 298, 299, 300, 301, 302, 304, 306], "excluded_lines": [], "start_line": 245, "executed_branches": [[261, 262], [261, 275], [285, 286], [285, 309], [293, 294], [293, 295], [295, 296]], "missing_branches": [[295, 297], [297, 298], [297, 299], [299, 300], [299, 306], [301, 302], [301, 304]]}, "analyze_defense": {"executed_lines": [346, 347, 348, 351, 352, 353, 354, 355, 358, 359, 367, 368, 369, 370, 371, 372, 375, 376, 377, 379, 380, 381, 384, 385, 388, 389, 390, 392, 394, 404, 405, 408, 409, 410, 412, 427, 430, 431, 433, 435, 437, 438, 442, 445, 446, 447, 450, 452, 456, 461], "summary": {"covered_lines": 50, "num_statements": 60, "percent_covered": 82.0, "percent_covered_display": "82", "missing_lines": 10, "excluded_lines": 0, "percent_statements_covered": 83.33333333333333, "percent_statements_covered_display": "83", "num_branches": 40, "num_partial_branches": 6, "covered_branches": 32, "missing_branches": 8, "percent_branches_covered": 80.0, "percent_branches_covered_display": "80"}, "missing_lines": [382, 406, 411, 413, 416, 419, 420, 423, 439, 440], "excluded_lines": [], "start_line": 337, "executed_branches": [[352, 353], [352, 358], [353, 352], [353, 354], [354, 353], [354, 355], [358, 359], [358, 367], [368, 369], [368, 372], [370, 371], [379, 380], [379, 430], [381, 384], [384, 385], [384, 427], [388, 389], [388, 404], [389, 390], [389, 392], [404, 384], [404, 405], [405, 408], [408, 409], [408, 410], [410, 412], [412, 404], [430, 431], [430, 433], [435, 437], [435, 452], [438, 442]], "missing_branches": [[370, 372], [381, 382], [405, 406], [410, 411], [412, 413], [419, 404], [419, 420], [438, 439]]}, "": {"executed_lines": [10, 12, 13, 14, 16, 17, 18, 21, 24, 25, 26, 27, 28, 29, 32, 35, 36, 37, 38, 39, 42, 43, 46, 47, 48, 49, 50, 51, 52, 53, 54, 57, 58, 61, 62, 63, 64, 65, 66, 67, 71, 72, 73, 74, 77, 97, 114, 168, 198, 245, 337], "summary": {"covered_lines": 51, "num_statements": 51, "percent_covered": 100.0, "percent_covered_display": "100", "missing_lines": 0, "excluded_lines": 0, "percent_statements_covered": 100.0, "percent_statements_covered_display": "100", "num_branches": 0, "num_partial_branches": 0, "covered_branches": 0, "missing_branches": 0, "percent_branches_covered": 100.0, "percent_branches_covered_display": "100"}, "missing_lines": [], "excluded_lines": [], "start_line": 1, "executed_branches": [], "missing_branches": []}}, "classes": {"DefensiveRole": {"executed_lines": [], "summary": {"covered_lines": 0, "num_statements": 0, "percent_covered": 100.0, "percent_covered_display": "100", "missing_lines": 0, "excluded_lines": 0, "percent_statements_covered": 100.0, "percent_statements_covered_display": "100", "num_branches": 0, "num_partial_branches": 0, "covered_branches": 0, "missing_branches": 0, "percent_branches_covered": 100.0, "percent_branches_covered_display": "100"}, "missing_lines": [], "excluded_lines": [], "start_line": 21, "executed_branches": [], "missing_branches": []}, "ShadowQuality": {"executed_lines": [], "summary": {"covered_lines": 0, "num_statements": 0, "percent_covered": 100.0, "percent_covered_display": "100", "missing_lines": 0, "excluded_lines": 0, "percent_statements_covered": 100.0, "percent_statements_covered_display": "100", "num_branches": 0, "num_partial_branches": 0, "covered_branches": 0, "missing_branches": 0, "percent_branches_covered": 100.0, "percent_branches_covered_display": "100"}, "missing_lines": [], "excluded_lines": [], "start_line": 32, "executed_branches": [], "missing_branches": []}, "DefensiveSnapshot": {"executed_lines": [], "summary": {"covered_lines": 0, "num_statements": 0, "percent_covered": 100.0, "percent_covered_display": "100", "missing_lines": 0, "excluded_lines": 0, "percent_statements_covered": 100.0, "percent_statements_covered_display": "100", "num_branches": 0, "num_partial_branches": 0, "covered_branches": 0, "missing_branches": 0, "percent_branches_covered": 100.0, "percent_branches_covered_display": "100"}, "missing_lines": [], "excluded_lines": [], "start_line": 43, "executed_branches": [], "missing_branches": []}, "ShadowDefenseEvent": {"executed_lines": [], "summary": {"covered_lines": 0, "num_statements": 0, "percent_covered": 100.0, "percent_covered_display": "100", "missing_lines": 0, "excluded_lines": 0, "percent_statements_covered": 100.0, "percent_statements_covered_display": "100", "num_branches": 0, "num_partial_branches": 0, "covered_branches": 0, "missing_branches": 0, "percent_branches_covered": 100.0, "percent_branches_covered_display": "100"}, "missing_lines": [], "excluded_lines": [], "start_line": 58, "executed_branches": [], "missing_branches": []}, "": {"executed_lines": [10, 12, 13, 14, 16, 17, 18, 21, 24, 25, 26, 27, 28, 29, 32, 35, 36, 37, 38, 39, 42, 43, 46, 47, 48, 49, 50, 51, 52, 53, 54, 57, 58, 61, 62, 63, 64, 65, 66, 67, 71, 72, 73, 74, 77, 87, 88, 90, 91, 92, 94, 97, 108, 109, 111, 114, 130, 131, 134, 141, 148, 149, 151, 155, 156, 157, 159, 162, 165, 168, 198, 213, 214, 216, 217, 220, 229, 230, 232, 233, 237, 238, 239, 240, 242, 245, 255, 256, 259, 261, 262, 275, 279, 280, 283, 285, 286, 287, 293, 294, 295, 296, 309, 312, 317, 320, 322, 337, 346, 347, 348, 351, 352, 353, 354, 355, 358, 359, 367, 368, 369, 370, 371, 372, 375, 376, 377, 379, 380, 381, 384, 385, 388, 389, 390, 392, 394, 404, 405, 408, 409, 410, 412, 427, 430, 431, 433, 435, 437, 438, 442, 445, 446, 447, 450, 452, 456, 461], "summary": {"covered_lines": 158, "num_statements": 190, "percent_covered": 77.61194029850746, "percent_covered_display": "78", "missing_lines": 32, "excluded_lines": 0, "percent_statements_covered": 83.15789473684211, "percent_statements_covered_display": "83", "num_branches": 78, "num_partial_branches": 12, "covered_branches": 50, "missing_branches": 28, "percent_branches_covered": 64.1025641025641, "percent_branches_covered_display": "64"}, "missing_lines": [152, 163, 179, 180, 183, 186, 188, 189, 190, 191, 192, 193, 195, 234, 297, 298, 299, 300, 301, 302, 304, 306, 382, 406, 411, 413, 416, 419, 420, 423, 439, 440], "excluded_lines": [], "start_line": 1, "executed_branches": [[108, 109], [108, 111], [151, 155], [162, 165], [213, 214], [213, 216], [230, 232], [230, 242], [232, 233], [233, 237], [238, 239], [261, 262], [261, 275], [285, 286], [285, 309], [293, 294], [293, 295], [295, 296], [352, 353], [352, 358], [353, 352], [353, 354], [354, 353], [354, 355], [358, 359], [358, 367], [368, 369], [368, 372], [370, 371], [379, 380], [379, 430], [381, 384], [384, 385], [384, 427], [388, 389], [388, 404], [389, 390], [389, 392], [404, 384], [404, 405], [405, 408], [408, 409], [408, 410], [410, 412], [412, 404], [430, 431], [430, 433], [435, 437], [435, 452], [438, 442]], "missing_branches": [[151, 152], [162, 163], [179, 180], [179, 183], [188, 189], [188, 190], [190, 191], [190, 192], [192, 193], [192, 195], [232, 230], [233, 234], [238, 232], [295, 297], [297, 298], [297, 299], [299, 300], [299, 306], [301, 302], [301, 304], [370, 372], [381, 382], [405, 406], [410, 411], [412, 413], [419, 404], [419, 420], [438, 439]]}}}, "src/rlcoach/analysis/fundamentals.py": {"executed_lines": [13, 15, 17, 18, 19, 26, 55, 56, 59, 60, 61, 64, 65, 67, 68, 69, 72, 73, 76, 77, 79, 81, 84, 87, 88, 91, 92, 94, 95, 101, 103, 104, 105, 106, 109, 117, 129, 130, 131, 132, 133, 134, 135, 139, 142, 144, 156, 163, 165, 166, 168, 174, 182, 183, 184, 187, 193, 196, 197, 198, 200, 201, 204, 209, 210, 212, 213, 214, 215, 224, 225, 228, 231, 238, 239, 240, 241, 242, 243, 244, 245, 246, 247, 249, 254, 257, 258, 259, 261, 269, 270, 271, 274, 275, 276, 280, 283, 284, 285, 287], "summary": {"covered_lines": 100, "num_statements": 115, "percent_covered": 83.24324324324324, "percent_covered_display": "83", "missing_lines": 15, "excluded_lines": 0, "percent_statements_covered": 86.95652173913044, "percent_statements_covered_display": "87", "num_branches": 70, "num_partial_branches": 10, "covered_branches": 54, "missing_branches": 16, "percent_branches_covered": 77.14285714285714, "percent_branches_covered_display": "77"}, "missing_lines": [171, 188, 189, 190, 191, 216, 229, 251, 272, 277, 278, 279, 286, 288, 289], "excluded_lines": [], "executed_branches": [[55, 56], [55, 59], [67, 68], [67, 76], [68, 69], [68, 72], [72, 67], [72, 73], [79, 81], [79, 91], [81, 84], [81, 87], [87, 79], [87, 88], [94, 95], [94, 109], [95, 101], [95, 103], [103, 104], [103, 105], [105, 94], [105, 106], [130, 131], [130, 139], [131, 132], [131, 135], [133, 134], [163, 165], [163, 166], [166, 168], [182, 183], [182, 187], [183, 182], [183, 184], [187, 193], [197, 198], [197, 200], [209, 210], [209, 212], [212, 213], [212, 224], [214, 215], [224, 225], [228, 231], [239, 240], [239, 249], [240, 241], [240, 242], [269, 270], [271, 274], [274, 275], [274, 280], [275, 276], [285, 287]], "missing_branches": [[133, 131], [166, 171], [187, 188], [188, 189], [188, 190], [190, 187], [190, 191], [214, 216], [224, 251], [228, 229], [269, 274], [271, 272], [275, 277], [278, 274], [278, 279], [285, 286]], "functions": {"analyze_fundamentals": {"executed_lines": [55, 56, 59, 60, 61, 64, 65, 67, 68, 69, 72, 73, 76, 77, 79, 81, 84, 87, 88, 91, 92, 94, 95, 101, 103, 104, 105, 106, 109, 117, 129, 130, 131, 132, 133, 134, 135, 139], "summary": {"covered_lines": 38, "num_statements": 38, "percent_covered": 98.48484848484848, "percent_covered_display": "98", "missing_lines": 0, "excluded_lines": 0, "percent_statements_covered": 100.0, "percent_statements_covered_display": "100", "num_branches": 28, "num_partial_branches": 1, "covered_branches": 27, "missing_branches": 1, "percent_branches_covered": 96.42857142857143, "percent_branches_covered_display": "96"}, "missing_lines": [], "excluded_lines": [], "start_line": 26, "executed_branches": [[55, 56], [55, 59], [67, 68], [67, 76], [68, 69], [68, 72], [72, 67], [72, 73], [79, 81], [79, 91], [81, 84], [81, 87], [87, 79], [87, 88], [94, 95], [94, 109], [95, 101], [95, 103], [103, 104], [103, 105], [105, 94], [105, 106], [130, 131], [130, 139], [131, 132], [131, 135], [133, 134]], "missing_branches": [[133, 131]]}, "_empty_fundamentals": {"executed_lines": [144], "summary": {"covered_lines": 1, "num_statements": 1, "percent_covered": 100.0, "percent_covered_display": "100", "missing_lines": 0, "excluded_lines": 0, "percent_statements_covered": 100.0, "percent_statements_covered_display": "100", "num_branches": 0, "num_partial_branches": 0, "covered_branches": 0, "missing_branches": 0, "percent_branches_covered": 100.0, "percent_branches_covered_display": "100"}, "missing_lines": [], "excluded_lines": [], "start_line": 142, "executed_branches": [], "missing_branches": []}, "_matches_filter": {"executed_lines": [163, 165, 166, 168], "summary": {"covered_lines": 4, "num_statements": 5, "percent_covered": 77.77777777777777, "percent_covered_display": "78", "missing_lines": 1, "excluded_lines": 0, "percent_statements_covered": 80.0, "percent_statements_covered_display": "80", "num_branches": 4, "num_partial_branches": 1, "covered_branches": 3, "missing_branches": 1, "percent_branches_covered": 75.0, "percent_branches_covered_display": "75"}, "missing_lines": [171], "excluded_lines": [], "start_line": 156, "executed_branches": [[163, 165], [163, 166], [166, 168]], "missing_branches": [[166, 171]]}, "_infer_team_from_events": {"executed_lines": [182, 183, 184, 187, 193], "summary": {"covered_lines": 5, "num_statements": 9, "percent_covered": 52.63157894736842, "percent_covered_display": "53", "missing_lines": 4, "excluded_lines": 0, "percent_statements_covered": 55.55555555555556, "percent_statements_covered_display": "56", "num_branches": 10, "num_partial_branches": 1, "covered_branches": 5, "missing_branches": 5, "percent_branches_covered": 50.0, "percent_branches_covered_display": "50"}, "missing_lines": [188, 189, 190, 191], "excluded_lines": [], "start_line": 174, "executed_branches": [[182, 183], [182, 187], [183, 182], [183, 184], [187, 193]], "missing_branches": [[187, 188], [188, 189], [188, 190], [190, 187], [190, 191]]}, "_shooting_percentage": {"executed_lines": [197, 198, 200, 201], "summary": {"covered_lines": 4, "num_statements": 4, "percent_covered": 100.0, "percent_covered_display": "100", "missing_lines": 0, "excluded_lines": 0, "percent_statements_covered": 100.0, "percent_statements_covered_display": "100", "num_branches": 2, "num_partial_branches": 0, "covered_branches": 2, "missing_branches": 0, "percent_branches_covered": 100.0, "percent_branches_covered_display": "100"}, "missing_lines": [], "excluded_lines": [], "start_line": 196, "executed_branches": [[197, 198], [197, 200]], "missing_branches": []}, "_extract_header_fundamentals": {"executed_lines": [209, 210, 212, 213, 214, 215, 224, 225, 228, 231, 238, 239, 240, 241, 242, 243, 244, 245, 246, 247, 249], "summary": {"covered_lines": 21, "num_statements": 24, "percent_covered": 84.21052631578948, "percent_covered_display": "84", "missing_lines": 3, "excluded_lines": 0, "percent_statements_covered": 87.5, "percent_statements_covered_display": "88", "num_branches": 14, "num_partial_branches": 3, "covered_branches": 11, "missing_branches": 3, "percent_branches_covered": 78.57142857142857, "percent_branches_covered_display": "79"}, "missing_lines": [216, 229, 251], "excluded_lines": [], "start_line": 204, "executed_branches": [[209, 210], [209, 212], [212, 213], [212, 224], [214, 215], [224, 225], [228, 231], [239, 240], [239, 249], [240, 241], [240, 242]], "missing_branches": [[214, 216], [224, 251], [228, 229]]}, "_lookup_header_player_stats": {"executed_lines": [257, 258, 259, 261, 269, 270, 271, 274, 275, 276, 280], "summary": {"covered_lines": 11, "num_statements": 15, "percent_covered": 64.0, "percent_covered_display": "64", "missing_lines": 4, "excluded_lines": 0, "percent_statements_covered": 73.33333333333333, "percent_statements_covered_display": "73", "num_branches": 10, "num_partial_branches": 3, "covered_branches": 5, "missing_branches": 5, "percent_branches_covered": 50.0, "percent_branches_covered_display": "50"}, "missing_lines": [272, 277, 278, 279], "excluded_lines": [], "start_line": 254, "executed_branches": [[269, 270], [271, 274], [274, 275], [274, 280], [275, 276]], "missing_branches": [[269, 274], [271, 272], [275, 277], [278, 274], [278, 279]]}, "_safe_int": {"executed_lines": [284, 285, 287], "summary": {"covered_lines": 3, "num_statements": 6, "percent_covered": 50.0, "percent_covered_display": "50", "missing_lines": 3, "excluded_lines": 0, "percent_statements_covered": 50.0, "percent_statements_covered_display": "50", "num_branches": 2, "num_partial_branches": 1, "covered_branches": 1, "missing_branches": 1, "percent_branches_covered": 50.0, "percent_branches_covered_display": "50"}, "missing_lines": [286, 288, 289], "excluded_lines": [], "start_line": 283, "executed_branches": [[285, 287]], "missing_branches": [[285, 286]]}, "": {"executed_lines": [13, 15, 17, 18, 19, 26, 142, 156, 174, 196, 204, 254, 283], "summary": {"covered_lines": 13, "num_statements": 13, "percent_covered": 100.0, "percent_covered_display": "100", "missing_lines": 0, "excluded_lines": 0, "percent_statements_covered": 100.0, "percent_statements_covered_display": "100", "num_branches": 0, "num_partial_branches": 0, "covered_branches": 0, "missing_branches": 0, "percent_branches_covered": 100.0, "percent_branches_covered_display": "100"}, "missing_lines": [], "excluded_lines": [], "start_line": 1, "executed_branches": [], "missing_branches": []}}, "classes": {"": {"executed_lines": [13, 15, 17, 18, 19, 26, 55, 56, 59, 60, 61, 64, 65, 67, 68, 69, 72, 73, 76, 77, 79, 81, 84, 87, 88, 91, 92, 94, 95, 101, 103, 104, 105, 106, 109, 117, 129, 130, 131, 132, 133, 134, 135, 139, 142, 144, 156, 163, 165, 166, 168, 174, 182, 183, 184, 187, 193, 196, 197, 198, 200, 201, 204, 209, 210, 212, 213, 214, 215, 224, 225, 228, 231, 238, 239, 240, 241, 242, 243, 244, 245, 246, 247, 249, 254, 257, 258, 259, 261, 269, 270, 271, 274, 275, 276, 280, 283, 284, 285, 287], "summary": {"covered_lines": 100, "num_statements": 115, "percent_covered": 83.24324324324324, "percent_covered_display": "83", "missing_lines": 15, "excluded_lines": 0, "percent_statements_covered": 86.95652173913044, "percent_statements_covered_display": "87", "num_branches": 70, "num_partial_branches": 10, "covered_branches": 54, "missing_branches": 16, "percent_branches_covered": 77.14285714285714, "percent_branches_covered_display": "77"}, "missing_lines": [171, 188, 189, 190, 191, 216, 229, 251, 272, 277, 278, 279, 286, 288, 289], "excluded_lines": [], "start_line": 1, "executed_branches": [[55, 56], [55, 59], [67, 68], [67, 76], [68, 69], [68, 72], [72, 67], [72, 73], [79, 81], [79, 91], [81, 84], [81, 87], [87, 79], [87, 88], [94, 95], [94, 109], [95, 101], [95, 103], [103, 104], [103, 105], [105, 94], [105, 106], [130, 131], [130, 139], [131, 132], [131, 135], [133, 134], [163, 165], [163, 166], [166, 168], [182, 183], [182, 187], [183, 182], [183, 184], [187, 193], [197, 198], [197, 200], [209, 210], [209, 212], [212, 213], [212, 224], [214, 215], [224, 225], [228, 231], [239, 240], [239, 249], [240, 241], [240, 242], [269, 270], [271, 274], [274, 275], [274, 280], [275, 276], [285, 287]], "missing_branches": [[133, 131], [166, 171], [187, 188], [188, 189], [188, 190], [190, 187], [190, 191], [214, 216], [224, 251], [228, 229], [269, 274], [271, 272], [275, 277], [278, 274], [278, 279], [285, 286]]}}}, "src/rlcoach/analysis/heatmaps.py": {"executed_lines": [3, 5, 7, 8, 11, 25, 33, 34, 37, 40, 43, 47, 54, 64, 65, 68, 69, 70, 74, 78, 79, 80, 83, 84, 85, 86, 88, 91, 101, 102, 105, 107, 108, 109, 110, 111, 116, 117, 120, 122, 123, 128, 130, 131, 132, 135, 136, 137, 138, 139, 140, 142, 145, 155, 156, 159, 194, 201, 204, 210, 211, 214, 215, 218, 219, 221, 224, 226, 227, 228, 229], "summary": {"covered_lines": 71, "num_statements": 106, "percent_covered": 60.11904761904762, "percent_covered_display": "60", "missing_lines": 35, "excluded_lines": 0, "percent_statements_covered": 66.98113207547169, "percent_statements_covered_display": "67", "num_branches": 62, "num_partial_branches": 12, "covered_branches": 30, "missing_branches": 32, "percent_branches_covered": 48.38709677419355, "percent_branches_covered_display": "48"}, "missing_lines": [71, 112, 113, 114, 121, 125, 161, 162, 163, 164, 165, 166, 167, 168, 169, 170, 171, 173, 174, 177, 178, 179, 180, 182, 185, 187, 189, 190, 191, 195, 196, 197, 198, 199, 230], "excluded_lines": [], "executed_branches": [[68, 69], [68, 83], [70, 74], [78, 79], [83, 84], [84, 85], [84, 88], [85, 84], [85, 86], [105, 107], [105, 135], [109, 110], [116, 117], [116, 120], [120, 122], [122, 123], [130, 131], [135, 136], [135, 142], [137, 138], [138, 139], [138, 142], [139, 138], [139, 140], [159, 194], [194, 201], [226, 227], [227, 228], [228, 227], [228, 229]], "missing_branches": [[70, 71], [78, 68], [83, 88], [109, 112], [112, 113], [112, 116], [120, 121], [122, 125], [130, 105], [137, 142], [159, 161], [164, 165], [164, 168], [168, 169], [168, 173], [173, 174], [173, 177], [177, 178], [177, 179], [179, 180], [179, 182], [187, 159], [187, 189], [194, 195], [196, 197], [196, 201], [197, 198], [197, 201], [198, 197], [198, 199], [226, 230], [227, 230]], "functions": {"generate_heatmaps": {"executed_lines": [25, 33, 34, 37, 40, 43, 47], "summary": {"covered_lines": 7, "num_statements": 7, "percent_covered": 100.0, "percent_covered_display": "100", "missing_lines": 0, "excluded_lines": 0, "percent_statements_covered": 100.0, "percent_statements_covered_display": "100", "num_branches": 0, "num_partial_branches": 0, "covered_branches": 0, "missing_branches": 0, "percent_branches_covered": 100.0, "percent_branches_covered_display": "100"}, "missing_lines": [], "excluded_lines": [], "start_line": 11, "executed_branches": [], "missing_branches": []}, "_generate_position_heatmap": {"executed_lines": [64, 65, 68, 69, 70, 74, 78, 79, 80, 83, 84, 85, 86, 88], "summary": {"covered_lines": 14, "num_statements": 15, "percent_covered": 85.18518518518519, "percent_covered_display": "85", "missing_lines": 1, "excluded_lines": 0, "percent_statements_covered": 93.33333333333333, "percent_statements_covered_display": "93", "num_branches": 12, "num_partial_branches": 3, "covered_branches": 9, "missing_branches": 3, "percent_branches_covered": 75.0, "percent_branches_covered_display": "75"}, "missing_lines": [71], "excluded_lines": [], "start_line": 54, "executed_branches": [[68, 69], [68, 83], [70, 74], [78, 79], [83, 84], [84, 85], [84, 88], [85, 84], [85, 86]], "missing_branches": [[70, 71], [78, 68], [83, 88]]}, "_generate_touch_heatmap": {"executed_lines": [101, 102, 105, 107, 108, 109, 110, 111, 116, 117, 120, 122, 123, 128, 130, 131, 132, 135, 136, 137, 138, 139, 140, 142], "summary": {"covered_lines": 24, "num_statements": 29, "percent_covered": 76.47058823529412, "percent_covered_display": "76", "missing_lines": 5, "excluded_lines": 0, "percent_statements_covered": 82.75862068965517, "percent_statements_covered_display": "83", "num_branches": 22, "num_partial_branches": 5, "covered_branches": 15, "missing_branches": 7, "percent_branches_covered": 68.18181818181819, "percent_branches_covered_display": "68"}, "missing_lines": [112, 113, 114, 121, 125], "excluded_lines": [], "start_line": 91, "executed_branches": [[105, 107], [105, 135], [109, 110], [116, 117], [116, 120], [120, 122], [122, 123], [130, 131], [135, 136], [135, 142], [137, 138], [138, 139], [138, 142], [139, 138], [139, 140]], "missing_branches": [[109, 112], [112, 113], [112, 116], [120, 121], [122, 125], [130, 105], [137, 142]]}, "_generate_boost_pickup_heatmap": {"executed_lines": [155, 156, 159, 194, 201], "summary": {"covered_lines": 5, "num_statements": 33, "percent_covered": 12.727272727272727, "percent_covered_display": "13", "missing_lines": 28, "excluded_lines": 0, "percent_statements_covered": 15.151515151515152, "percent_statements_covered_display": "15", "num_branches": 22, "num_partial_branches": 2, "covered_branches": 2, "missing_branches": 20, "percent_branches_covered": 9.090909090909092, "percent_branches_covered_display": "9"}, "missing_lines": [161, 162, 163, 164, 165, 166, 167, 168, 169, 170, 171, 173, 174, 177, 178, 179, 180, 182, 185, 187, 189, 190, 191, 195, 196, 197, 198, 199], "excluded_lines": [], "start_line": 145, "executed_branches": [[159, 194], [194, 201]], "missing_branches": [[159, 161], [164, 165], [164, 168], [168, 169], [168, 173], [173, 174], [173, 177], [177, 178], [177, 179], [179, 180], [179, 182], [187, 159], [187, 189], [194, 195], [196, 197], [196, 201], [197, 198], [197, 201], [198, 197], [198, 199]]}, "_position_to_grid_coords": {"executed_lines": [210, 211, 214, 215, 218, 219, 221], "summary": {"covered_lines": 7, "num_statements": 7, "percent_covered": 100.0, "percent_covered_display": "100", "missing_lines": 0, "excluded_lines": 0, "percent_statements_covered": 100.0, "percent_statements_covered_display": "100", "num_branches": 0, "num_partial_branches": 0, "covered_branches": 0, "missing_branches": 0, "percent_branches_covered": 100.0, "percent_branches_covered_display": "100"}, "missing_lines": [], "excluded_lines": [], "start_line": 204, "executed_branches": [], "missing_branches": []}, "_get_player_frame": {"executed_lines": [226, 227, 228, 229], "summary": {"covered_lines": 4, "num_statements": 5, "percent_covered": 72.72727272727273, "percent_covered_display": "73", "missing_lines": 1, "excluded_lines": 0, "percent_statements_covered": 80.0, "percent_statements_covered_display": "80", "num_branches": 6, "num_partial_branches": 2, "covered_branches": 4, "missing_branches": 2, "percent_branches_covered": 66.66666666666667, "percent_branches_covered_display": "67"}, "missing_lines": [230], "excluded_lines": [], "start_line": 224, "executed_branches": [[226, 227], [227, 228], [228, 227], [228, 229]], "missing_branches": [[226, 230], [227, 230]]}, "": {"executed_lines": [3, 5, 7, 8, 11, 54, 91, 145, 204, 224], "summary": {"covered_lines": 10, "num_statements": 10, "percent_covered": 100.0, "percent_covered_display": "100", "missing_lines": 0, "excluded_lines": 0, "percent_statements_covered": 100.0, "percent_statements_covered_display": "100", "num_branches": 0, "num_partial_branches": 0, "covered_branches": 0, "missing_branches": 0, "percent_branches_covered": 100.0, "percent_branches_covered_display": "100"}, "missing_lines": [], "excluded_lines": [], "start_line": 1, "executed_branches": [], "missing_branches": []}}, "classes": {"": {"executed_lines": [3, 5, 7, 8, 11, 25, 33, 34, 37, 40, 43, 47, 54, 64, 65, 68, 69, 70, 74, 78, 79, 80, 83, 84, 85, 86, 88, 91, 101, 102, 105, 107, 108, 109, 110, 111, 116, 117, 120, 122, 123, 128, 130, 131, 132, 135, 136, 137, 138, 139, 140, 142, 145, 155, 156, 159, 194, 201, 204, 210, 211, 214, 215, 218, 219, 221, 224, 226, 227, 228, 229], "summary": {"covered_lines": 71, "num_statements": 106, "percent_covered": 60.11904761904762, "percent_covered_display": "60", "missing_lines": 35, "excluded_lines": 0, "percent_statements_covered": 66.98113207547169, "percent_statements_covered_display": "67", "num_branches": 62, "num_partial_branches": 12, "covered_branches": 30, "missing_branches": 32, "percent_branches_covered": 48.
[...]
151, 154], [161, 162], [161, 163], [168, -166], [168, 169], [179, 182], [182, -177], [182, 183], [183, 184], [183, 186], [186, 189]], "missing_branches": [[144, 145], [179, 180], [186, 187]]}, "": {"executed_lines": [10, 12, 13, 14, 15, 16, 18, 21, 24, 33, 36, 42, 67, 68, 70, 71, 72, 74, 75, 76, 77, 79, 81, 82, 84, 85, 88, 89, 90, 93, 112, 142, 158, 166, 177, 210], "summary": {"covered_lines": 36, "num_statements": 36, "percent_covered": 100.0, "percent_covered_display": "100", "missing_lines": 0, "excluded_lines": 2, "percent_statements_covered": 100.0, "percent_statements_covered_display": "100", "num_branches": 8, "num_partial_branches": 0, "covered_branches": 8, "missing_branches": 0, "percent_branches_covered": 100.0, "percent_branches_covered_display": "100"}, "missing_lines": [], "excluded_lines": [31, 32], "start_line": 1, "executed_branches": [[67, 68], [67, 70], [76, 77], [76, 79], [82, 84], [82, 88], [89, 74], [89, 90]], "missing_branches": []}}}, "src/rlcoach/worker/__init__.py": {"executed_lines": [10, 12], "summary": {"covered_lines": 2, "num_statements": 2, "percent_covered": 100.0, "percent_covered_display": "100", "missing_lines": 0, "excluded_lines": 0, "percent_statements_covered": 100.0, "percent_statements_covered_display": "100", "num_branches": 0, "num_partial_branches": 0, "covered_branches": 0, "missing_branches": 0, "percent_branches_covered": 100.0, "percent_branches_covered_display": "100"}, "missing_lines": [], "excluded_lines": [], "executed_branches": [], "missing_branches": [], "functions": {"": {"executed_lines": [10, 12], "summary": {"covered_lines": 2, "num_statements": 2, "percent_covered": 100.0, "percent_covered_display": "100", "missing_lines": 0, "excluded_lines": 0, "percent_statements_covered": 100.0, "percent_statements_covered_display": "100", "num_branches": 0, "num_partial_branches": 0, "covered_branches": 0, "missing_branches": 0, "percent_branches_covered": 100.0, "percent_branches_covered_display": "100"}, "missing_lines": [], "excluded_lines": [], "start_line": 1, "executed_branches": [], "missing_branches": []}}, "classes": {"": {"executed_lines": [10, 12], "summary": {"covered_lines": 2, "num_statements": 2, "percent_covered": 100.0, "percent_covered_display": "100", "missing_lines": 0, "excluded_lines": 0, "percent_statements_covered": 100.0, "percent_statements_covered_display": "100", "num_branches": 0, "num_partial_branches": 0, "covered_branches": 0, "missing_branches": 0, "percent_branches_covered": 100.0, "percent_branches_covered_display": "100"}, "missing_lines": [], "excluded_lines": [], "start_line": 1, "executed_branches": [], "missing_branches": []}}}, "src/rlcoach/worker/celery_app.py": {"executed_lines": [3, 5, 8, 10, 18], "summary": {"covered_lines": 5, "num_statements": 5, "percent_covered": 100.0, "percent_covered_display": "100", "missing_lines": 0, "excluded_lines": 0, "percent_statements_covered": 100.0, "percent_statements_covered_display": "100", "num_branches": 0, "num_partial_branches": 0, "covered_branches": 0, "missing_branches": 0, "percent_branches_covered": 100.0, "percent_branches_covered_display": "100"}, "missing_lines": [], "excluded_lines": [], "executed_branches": [], "missing_branches": [], "functions": {"": {"executed_lines": [3, 5, 8, 10, 18], "summary": {"covered_lines": 5, "num_statements": 5, "percent_covered": 100.0, "percent_covered_display": "100", "missing_lines": 0, "excluded_lines": 0, "percent_statements_covered": 100.0, "percent_statements_covered_display": "100", "num_branches": 0, "num_partial_branches": 0, "covered_branches": 0, "missing_branches": 0, "percent_branches_covered": 100.0, "percent_branches_covered_display": "100"}, "missing_lines": [], "excluded_lines": [], "start_line": 1, "executed_branches": [], "missing_branches": []}}, "classes": {"": {"executed_lines": [3, 5, 8, 10, 18], "summary": {"covered_lines": 5, "num_statements": 5, "percent_covered": 100.0, "percent_covered_display": "100", "missing_lines": 0, "excluded_lines": 0, "percent_statements_covered": 100.0, "percent_statements_covered_display": "100", "num_branches": 0, "num_partial_branches": 0, "covered_branches": 0, "missing_branches": 0, "percent_branches_covered": 100.0, "percent_branches_covered_display": "100"}, "missing_lines": [], "excluded_lines": [], "start_line": 1, "executed_branches": [], "missing_branches": []}}}, "src/rlcoach/worker/tasks.py": {"executed_lines": [3, 4, 5, 6, 7, 8, 9, 10, 12, 14, 16, 19, 22, 25, 36, 44, 47, 48, 50, 54, 55, 58, 63, 65, 68, 70, 71, 72, 73, 78, 83, 99, 108, 119, 120, 121, 123, 125, 126, 127, 130, 131, 132, 133, 136, 137, 140, 141, 142, 143, 146, 147, 150, 151, 153, 154, 155, 156, 157, 158, 160, 161, 162, 163, 164, 167, 168, 171, 173, 175, 177, 178, 233, 236, 237, 238, 239, 241, 242, 243, 244, 245, 247, 270, 273, 279, 281, 283, 297, 306, 307, 313, 314, 315, 321, 322, 327, 328, 335, 336, 347, 349, 350, 353, 354, 355, 357, 358, 407, 408, 421, 422, 432, 434, 435, 437, 438, 439, 441, 442, 443, 444, 445, 446, 448, 450, 464, 465, 472, 474, 475, 476, 478, 486, 489, 493, 495, 496, 497, 500, 512, 519, 522, 523, 524, 525, 526, 531, 532, 533, 535, 538, 539, 550, 552, 554, 555, 557, 558, 560, 562, 564, 575, 576, 577, 578, 581, 586, 587, 588, 593, 596, 599, 600, 601, 602, 603, 604, 605, 606, 608, 609, 610, 617, 632], "summary": {"covered_lines": 185, "num_statements": 284, "percent_covered": 64.49704142011835, "percent_covered_display": "64", "missing_lines": 99, "excluded_lines": 0, "percent_statements_covered": 65.14084507042253, "percent_statements_covered_display": "65", "num_branches": 54, "num_partial_branches": 7, "covered_branches": 33, "missing_branches": 21, "percent_branches_covered": 61.111111111111114, "percent_branches_covered_display": "61"}, "missing_lines": [45, 74, 75, 80, 85, 88, 89, 90, 92, 94, 96, 179, 180, 183, 184, 185, 189, 190, 191, 197, 199, 205, 206, 207, 209, 210, 211, 212, 217, 224, 225, 230, 234, 249, 250, 252, 253, 254, 255, 256, 257, 258, 259, 260, 262, 263, 264, 265, 266, 267, 268, 364, 365, 366, 367, 370, 371, 372, 374, 375, 381, 384, 385, 386, 388, 391, 392, 393, 395, 398, 400, 401, 412, 413, 414, 455, 456, 457, 487, 488, 490, 491, 502, 503, 505, 506, 507, 508, 509, 527, 528, 612, 613, 614, 615, 623, 624, 625, 626], "excluded_lines": [], "executed_branches": [[44, 47], [47, 48], [47, 50], [119, 120], [119, 123], [131, 132], [131, 136], [136, 137], [136, 146], [153, 154], [153, 160], [160, 161], [160, 167], [173, 175], [173, 241], [178, 233], [233, 236], [306, 307], [306, 313], [357, 358], [441, 442], [441, 448], [442, 441], [442, 443], [486, 489], [489, 493], [525, 526], [525, 531], [532, 533], [532, 535], [575, 576], [575, 617], [587, 588]], "missing_branches": [[44, 45], [89, 90], [89, 94], [178, 179], [184, 185], [184, 233], [224, 225], [224, 233], [233, 234], [254, 255], [254, 258], [264, 265], [264, 268], [357, 364], [371, 372], [371, 374], [391, 392], [391, 395], [486, 487], [489, 490], [587, 593]], "functions": {"_sanitize_error_message": {"executed_lines": [44, 47, 48, 50], "summary": {"covered_lines": 4, "num_statements": 5, "percent_covered": 77.77777777777777, "percent_covered_display": "78", "missing_lines": 1, "excluded_lines": 0, "percent_statements_covered": 80.0, "percent_statements_covered_display": "80", "num_branches": 4, "num_partial_branches": 1, "covered_branches": 3, "missing_branches": 1, "percent_branches_covered": 75.0, "percent_branches_covered_display": "75"}, "missing_lines": [45], "excluded_lines": [], "start_line": 36, "executed_branches": [[44, 47], [47, 48], [47, 50]], "missing_branches": [[44, 45]]}, "_is_valid_uuid": {"executed_lines": [65], "summary": {"covered_lines": 1, "num_statements": 1, "percent_covered": 100.0, "percent_covered_display": "100", "missing_lines": 0, "excluded_lines": 0, "percent_statements_covered": 100.0, "percent_statements_covered_display": "100", "num_branches": 0, "num_partial_branches": 0, "covered_branches": 0, "missing_branches": 0, "percent_branches_covered": 100.0, "percent_branches_covered_display": "100"}, "missing_lines": [], "excluded_lines": [], "start_line": 63, "executed_branches": [], "missing_branches": []}, "_is_path_within_directory": {"executed_lines": [70, 71, 72, 73], "summary": {"covered_lines": 4, "num_statements": 6, "percent_covered": 66.66666666666667, "percent_covered_display": "67", "missing_lines": 2, "excluded_lines": 0, "percent_statements_covered": 66.66666666666667, "percent_statements_covered_display": "67", "num_branches": 0, "num_partial_branches": 0, "covered_branches": 0, "missing_branches": 0, "percent_branches_covered": 100.0, "percent_branches_covered_display": "100"}, "missing_lines": [74, 75], "excluded_lines": [], "start_line": 68, "executed_branches": [], "missing_branches": []}, "set_memory_limit": {"executed_lines": [], "summary": {"covered_lines": 0, "num_statements": 1, "percent_covered": 0.0, "percent_covered_display": "0", "missing_lines": 1, "excluded_lines": 0, "percent_statements_covered": 0.0, "percent_statements_covered_display": "0", "num_branches": 0, "num_partial_branches": 0, "covered_branches": 0, "missing_branches": 0, "percent_branches_covered": 100.0, "percent_branches_covered_display": "100"}, "missing_lines": [80], "excluded_lines": [], "start_line": 78, "executed_branches": [], "missing_branches": []}, "get_db_session": {"executed_lines": [], "summary": {"covered_lines": 0, "num_statements": 7, "percent_covered": 0.0, "percent_covered_display": "0", "missing_lines": 7, "excluded_lines": 0, "percent_statements_covered": 0.0, "percent_statements_covered_display": "0", "num_branches": 2, "num_partial_branches": 0, "covered_branches": 0, "missing_branches": 2, "percent_branches_covered": 0.0, "percent_branches_covered_display": "0"}, "missing_lines": [85, 88, 89, 90, 92, 94, 96], "excluded_lines": [], "start_line": 83, "executed_branches": [], "missing_branches": [[89, 90], [89, 94]]}, "process_replay": {"executed_lines": [119, 120, 121, 123, 125, 126, 127, 130, 131, 132, 133, 136, 137, 140, 141, 142, 143, 146, 147, 150, 151, 153, 154, 155, 156, 157, 158, 160, 161, 162, 163, 164, 167, 168, 171, 173, 175, 177, 178, 233, 236, 237, 238, 239, 241, 242, 243, 244, 245, 247, 270], "summary": {"covered_lines": 51, "num_statements": 91, "percent_covered": 56.52173913043478, "percent_covered_display": "57", "missing_lines": 40, "excluded_lines": 0, "percent_statements_covered": 56.043956043956044, "percent_statements_covered_display": "56", "num_branches": 24, "num_partial_branches": 2, "covered_branches": 14, "missing_branches": 10, "percent_branches_covered": 58.333333333333336, "percent_branches_covered_display": "58"}, "missing_lines": [179, 180, 183, 184, 185, 189, 190, 191, 197, 199, 205, 206, 207, 209, 210, 211, 212, 217, 224, 225, 230, 234, 249, 250, 252, 253, 254, 255, 256, 257, 258, 259, 260, 262, 263, 264, 265, 266, 267, 268], "excluded_lines": [], "start_line": 108, "executed_branches": [[119, 120], [119, 123], [131, 132], [131, 136], [136, 137], [136, 146], [153, 154], [153, 160], [160, 161], [160, 167], [173, 175], [173, 241], [178, 233], [233, 236]], "missing_branches": [[178, 179], [184, 185], [184, 233], [224, 225], [224, 233], [233, 234], [254, 255], [254, 258], [264, 265], [264, 268]]}, "_run_parser_subprocess": {"executed_lines": [279, 281, 283, 297, 306, 307, 313, 314, 315, 321, 322, 327, 328], "summary": {"covered_lines": 13, "num_statements": 13, "percent_covered": 100.0, "percent_covered_display": "100", "missing_lines": 0, "excluded_lines": 0, "percent_statements_covered": 100.0, "percent_statements_covered_display": "100", "num_branches": 2, "num_partial_branches": 0, "covered_branches": 2, "missing_branches": 0, "percent_branches_covered": 100.0, "percent_branches_covered_display": "100"}, "missing_lines": [], "excluded_lines": [], "start_line": 273, "executed_branches": [[306, 307], [306, 313]], "missing_branches": []}, "migrate_to_cold_storage": {"executed_lines": [347, 349, 350, 353, 354, 355, 357, 358, 407, 408], "summary": {"covered_lines": 10, "num_statements": 34, "percent_covered": 27.5, "percent_covered_display": "28", "missing_lines": 24, "excluded_lines": 0, "percent_statements_covered": 29.41176470588235, "percent_statements_covered_display": "29", "num_branches": 6, "num_partial_branches": 1, "covered_branches": 1, "missing_branches": 5, "percent_branches_covered": 16.666666666666668, "percent_branches_covered_display": "17"}, "missing_lines": [364, 365, 366, 367, 370, 371, 372, 374, 375, 381, 384, 385, 386, 388, 391, 392, 393, 395, 398, 400, 401, 412, 413, 414], "excluded_lines": [], "start_line": 336, "executed_branches": [[357, 358]], "missing_branches": [[357, 364], [371, 372], [371, 374], [391, 392], [391, 395]]}, "cleanup_temp_files": {"executed_lines": [432, 434, 435, 437, 438, 439, 441, 442, 443, 444, 445, 446, 448, 450], "summary": {"covered_lines": 14, "num_statements": 17, "percent_covered": 85.71428571428571, "percent_covered_display": "86", "missing_lines": 3, "excluded_lines": 0, "percent_statements_covered": 82.3529411764706, "percent_statements_covered_display": "82", "num_branches": 4, "num_partial_branches": 0, "covered_branches": 4, "missing_branches": 0, "percent_branches_covered": 100.0, "percent_branches_covered_display": "100"}, "missing_lines": [455, 456, 457], "excluded_lines": [], "start_line": 422, "executed_branches": [[441, 442], [441, 448], [442, 441], [442, 443]], "missing_branches": []}, "check_disk_usage": {"executed_lines": [472, 474, 475, 476, 478, 486, 489, 493, 495, 496, 497], "summary": {"covered_lines": 11, "num_statements": 15, "percent_covered": 68.42105263157895, "percent_covered_display": "68", "missing_lines": 4, "excluded_lines": 0, "percent_statements_covered": 73.33333333333333, "percent_statements_covered_display": "73", "num_branches": 4, "num_partial_branches": 2, "covered_branches": 2, "missing_branches": 2, "percent_branches_covered": 50.0, "percent_branches_covered_display": "50"}, "missing_lines": [487, 488, 490, 491], "excluded_lines": [], "start_line": 465, "executed_branches": [[486, 489], [489, 493]], "missing_branches": [[486, 487], [489, 490]]}, "get_queue_length": {"executed_lines": [], "summary": {"covered_lines": 0, "num_statements": 7, "percent_covered": 0.0, "percent_covered_display": "0", "missing_lines": 7, "excluded_lines": 0, "percent_statements_covered": 0.0, "percent_statements_covered_display": "0", "num_branches": 0, "num_partial_branches": 0, "covered_branches": 0, "missing_branches": 0, "percent_branches_covered": 100.0, "percent_branches_covered_display": "100"}, "missing_lines": [502, 503, 505, 506, 507, 508, 509], "excluded_lines": [], "start_line": 500, "executed_branches": [], "missing_branches": []}, "can_accept_upload": {"executed_lines": [519, 522, 523, 524, 525, 526, 531, 532, 533, 535], "summary": {"covered_lines": 10, "num_statements": 12, "percent_covered": 87.5, "percent_covered_display": "88", "missing_lines": 2, "excluded_lines": 0, "percent_statements_covered": 83.33333333333333, "percent_statements_covered_display": "83", "num_branches": 4, "num_partial_branches": 0, "covered_branches": 4, "missing_branches": 0, "percent_branches_covered": 100.0, "percent_branches_covered_display": "100"}, "missing_lines": [527, 528], "excluded_lines": [], "start_line": 512, "executed_branches": [[525, 526], [525, 531], [532, 533], [532, 535]], "missing_branches": []}, "process_scheduled_deletions": {"executed_lines": [550, 552, 554, 555, 557, 558, 560, 562, 564, 575, 576, 577, 578, 581, 586, 587, 588, 593, 596, 599, 600, 601, 602, 603, 604, 605, 606, 608, 609, 610, 617, 632], "summary": {"covered_lines": 32, "num_statements": 40, "percent_covered": 79.54545454545455, "percent_covered_display": "80", "missing_lines": 8, "excluded_lines": 0, "percent_statements_covered": 80.0, "percent_statements_covered_display": "80", "num_branches": 4, "num_partial_branches": 1, "covered_branches": 3, "missing_branches": 1, "percent_branches_covered": 75.0, "percent_branches_covered_display": "75"}, "missing_lines": [612, 613, 614, 615, 623, 624, 625, 626], "excluded_lines": [], "start_line": 539, "executed_branches": [[575, 576], [575, 617], [587, 588]], "missing_branches": [[587, 593]]}, "": {"executed_lines": [3, 4, 5, 6, 7, 8, 9, 10, 12, 14, 16, 19, 22, 25, 36, 54, 55, 58, 63, 68, 78, 83, 99, 108, 273, 335, 336, 421, 422, 464, 465, 500, 512, 538, 539], "summary": {"covered_lines": 35, "num_statements": 35, "percent_covered": 100.0, "percent_covered_display": "100", "missing_lines": 0, "excluded_lines": 0, "percent_statements_covered": 100.0, "percent_statements_covered_display": "100", "num_branches": 0, "num_partial_branches": 0, "covered_branches": 0, "missing_branches": 0, "percent_branches_covered": 100.0, "percent_branches_covered_display": "100"}, "missing_lines": [], "excluded_lines": [], "start_line": 1, "executed_branches": [], "missing_branches": []}}, "classes": {"": {"executed_lines": [3, 4, 5, 6, 7, 8, 9, 10, 12, 14, 16, 19, 22, 25, 36, 44, 47, 48, 50, 54, 55, 58, 63, 65, 68, 70, 71, 72, 73, 78, 83, 99, 108, 119, 120, 121, 123, 125, 126, 127, 130, 131, 132, 133, 136, 137, 140, 141, 142, 143, 146, 147, 150, 151, 153, 154, 155, 156, 157, 158, 160, 161, 162, 163, 164, 167, 168, 171, 173, 175, 177, 178, 233, 236, 237, 238, 239, 241, 242, 243, 244, 245, 247, 270, 273, 279, 281, 283, 297, 306, 307, 313, 314, 315, 321, 322, 327, 328, 335, 336, 347, 349, 350, 353, 354, 355, 357, 358, 407, 408, 421, 422, 432, 434, 435, 437, 438, 439, 441, 442, 443, 444, 445, 446, 448, 450, 464, 465, 472, 474, 475, 476, 478, 486, 489, 493, 495, 496, 497, 500, 512, 519, 522, 523, 524, 525, 526, 531, 532, 533, 535, 538, 539, 550, 552, 554, 555, 557, 558, 560, 562, 564, 575, 576, 577, 578, 581, 586, 587, 588, 593, 596, 599, 600, 601, 602, 603, 604, 605, 606, 608, 609, 610, 617, 632], "summary": {"covered_lines": 185, "num_statements": 284, "percent_covered": 64.49704142011835, "percent_covered_display": "64", "missing_lines": 99, "excluded_lines": 0, "percent_statements_covered": 65.14084507042253, "percent_statements_covered_display": "65", "num_branches": 54, "num_partial_branches": 7, "covered_branches": 33, "missing_branches": 21, "percent_branches_covered": 61.111111111111114, "percent_branches_covered_display": "61"}, "missing_lines": [45, 74, 75, 80, 85, 88, 89, 90, 92, 94, 96, 179, 180, 183, 184, 185, 189, 190, 191, 197, 199, 205, 206, 207, 209, 210, 211, 212, 217, 224, 225, 230, 234, 249, 250, 252, 253, 254, 255, 256, 257, 258, 259, 260, 262, 263, 264, 265, 266, 267, 268, 364, 365, 366, 367, 370, 371, 372, 374, 375, 381, 384, 385, 386, 388, 391, 392, 393, 395, 398, 400, 401, 412, 413, 414, 455, 456, 457, 487, 488, 490, 491, 502, 503, 505, 506, 507, 508, 509, 527, 528, 612, 613, 614, 615, 623, 624, 625, 626], "excluded_lines": [], "start_line": 1, "executed_branches": [[44, 47], [47, 48], [47, 50], [119, 120], [119, 123], [131, 132], [131, 136], [136, 137], [136, 146], [153, 154], [153, 160], [160, 161], [160, 167], [173, 175], [173, 241], [178, 233], [233, 236], [306, 307], [306, 313], [357, 358], [441, 442], [441, 448], [442, 441], [442, 443], [486, 489], [489, 493], [525, 526], [525, 531], [532, 533], [532, 535], [575, 576], [575, 617], [587, 588]], "missing_branches": [[44, 45], [89, 90], [89, 94], [178, 179], [184, 185], [184, 233], [224, 225], [224, 233], [233, 234], [254, 255], [254, 258], [264, 265], [264, 268], [357, 364], [371, 372], [371, 374], [391, 392], [391, 395], [486, 487], [489, 490], [587, 593]]}}}}, "totals": {"covered_lines": 7721, "num_statements": 10927, "percent_covered": 65.81400095244574, "percent_covered_display": "66", "missing_lines": 3206, "excluded_lines": 13, "percent_statements_covered": 70.6598334401025, "percent_statements_covered_display": "71", "num_branches": 3772, "num_partial_branches": 595, "covered_branches": 1953, "missing_branches": 1819, "percent_branches_covered": 51.7762460233298, "percent_branches_covered_display": "52"}}